                      :-) GROMACS - gmx mdrun, 2025.4 (-:

Copyright 1991-2025 The GROMACS Authors.
GROMACS is free software; you can redistribute it and/or modify it
under the terms of the GNU Lesser General Public License
as published by the Free Software Foundation; either version 2.1
of the License, or (at your option) any later version.

                         Current GROMACS contributors:
       Mark Abraham           Andrey Alekseenko           Brian Andrews       
      Vladimir Basov              Paul Bauer                Hugh Bird         
      Eliane Briand               Ania Brown              Mahesh Doijade      
      Giacomo Fiorin          Stefan Fleischmann          Sergey Gorelov      
   Gilles Gouaillardet            Alan Gray              M. Eric Irrgang      
   Farzaneh Jalalypour         Petter Johansson          Carsten Kutzner      
    Grzegorz Łazarski         Justin A. Lemkul          Magnus Lundborg      
       Pascal Merz             Vedran Miletić            Dmitry Morozov      
     Lukas Müllender            Julien Nabet             Szilárd Páll      
 Andrea Pasquadibisceglie     Michele Pellegrino         Nicola Piasentin     
     Daniele Rapetti         Muhammad Umair Sadiq         Hubert Santuz       
      Roland Schulz             Michael Shirts           Tatiana Shugaeva     
     Alexey Shvetsov            Philip Turner            Alessandra Villa     
 Sebastian Wingbermühle  

                         Previous GROMACS contributors:
        Emile Apol             Rossen Apostolov           James Barnett       
  Herman J.C. Berendsen         Cathrine Bergh             Par Bjelkmar       
      Christian Blau          Viacheslav Bolnykh            Kevin Boyd        
    Aldert van Buuren          Carlo Camilloni           Rudi van Drunen      
      Anton Feenstra           Oliver Fleetwood            Vytas Gapsys       
       Gaurav Garg             Gerrit Groenhof            Bert de Groot       
      Anca Hamuraru           Vincent Hindriksen          Victor Holanda      
     Aleksei Iupinov              Joe Jordan            Christoph Junghans    
    Prashanth Kanduri        Dimitrios Karkoulis           Peter Kasson       
      Sebastian Kehl           Sebastian Keller             Jiri Kraus        
       Per Larsson              Viveca Lindahl            Erik Marklund       
    Pieter Meulenhoff           Teemu Murtola              Sander Pronk       
      Alfons Sijbers            Balint Soproni         David van der Spoel    
      Peter Tieleman            Carsten Uphoff             Jon Vincent        
     Teemu Virolainen         Christian Wennberg           Maarten Wolf       
      Artem Zhmurov       

                  Coordinated by the GROMACS project leaders:
                           Berk Hess and Erik Lindahl

GROMACS:      gmx mdrun, version 2025.4
Executable:   /usr/local/gromacs/bin/gmx
Data prefix:  /usr/local/gromacs
Working dir:  /Users/alejandro/projects/Multiscale-Simulation-Project/Microtubule_Inspired_Phase0
Process ID:   8429
Command line:
  gmx mdrun -v -deffnm runs/phase1A/hybrid_hbnBonded_kang2000_improperGeo100_nvt5ps/nvt_5ps_100K

GROMACS version:     2025.4
Precision:           mixed
Memory model:        64 bit
MPI library:         thread_mpi
OpenMP support:      enabled (GMX_OPENMP_MAX_THREADS = 128)
GPU support:         disabled
SIMD instructions:   AVX2_256
CPU FFT library:     fftw-3.3.10-sse2
GPU FFT library:     none
Multi-GPU FFT:       none
RDTSCP usage:        enabled
TNG support:         enabled
Hwloc support:       disabled
Tracing support:     disabled
C compiler:          /usr/bin/gcc AppleClang 14.0.0.14000029
C compiler flags:    -mavx2 -mfma -Wno-missing-field-initializers -fno-stack-check -O3 -DNDEBUG
C++ compiler:        /usr/bin/g++ AppleClang 14.0.0.14000029
C++ compiler flags:  -mavx2 -mfma -Wno-reserved-identifier -Wno-missing-field-initializers -fno-stack-check -Weverything -Wno-c++98-compat -Wno-c++98-compat-pedantic -Wno-source-uses-openmp -Wno-c++17-extensions -Wno-documentation-unknown-command -Wno-covered-switch-default -Wno-switch-enum -Wno-switch-default -Wno-extra-semi-stmt -Wno-weak-vtables -Wno-shadow -Wno-padded -Wno-reserved-id-macro -Wno-double-promotion -Wno-exit-time-destructors -Wno-global-constructors -Wno-documentation -Wno-format-nonliteral -Wno-used-but-marked-unused -Wno-float-equal -Wno-conditional-uninitialized -Wno-conversion -Wno-disabled-macro-expansion -Wno-unused-macros SHELL:-Xpreprocessor -fopenmp -I/usr/local/opt/libomp/include -O3 -DNDEBUG
BLAS library:        External - detected on the system
LAPACK library:      External - detected on the system


Running on 1 node with total 0 processing units
Hardware detected on host Alejandros-MacBook-Pro-2.local:
  CPU info:
    Vendor: Intel
    Brand:  Intel(R) Core(TM) i7-9750H CPU @ 2.60GHz
    Family: 6   Model: 158   Stepping: 10
    Features: aes apic avx avx2 clfsh cmov cx8 cx16 f16c fma htt intel lahf mmx msr nonstop_tsc pcid pclmuldq pdcm pdpe1gb popcnt pse rdrnd rdtscp sse2 sse3 sse4.1 sse4.2 ssse3 tdt x2apic
  Hardware topology: Only logical processor count
    CPU limit set by OS: -1   Recommended max number of threads: 12


++++ PLEASE READ AND CITE THE FOLLOWING REFERENCE ++++
M. J. Abraham, T. Murtola, R. Schulz, S. Páll, J. C. Smith, B. Hess, E.
Lindahl
GROMACS: High performance molecular simulations through multi-level
parallelism from laptops to supercomputers
SoftwareX (2015)
DOI: 10.1016/j.softx.2015.06.001
-------- -------- --- Thank You --- -------- --------


++++ PLEASE READ AND CITE THE FOLLOWING REFERENCE ++++
S. Páll, M. J. Abraham, C. Kutzner, B. Hess, E. Lindahl
Tackling Exascale Software Challenges in Molecular Dynamics Simulations with
GROMACS
In S. Markidis & E. Laure (Eds.), Solving Software Challenges for Exascale (2015)
DOI: 10.1007/978-3-319-15976-8_1
-------- -------- --- Thank You --- -------- --------


++++ PLEASE READ AND CITE THE FOLLOWING REFERENCE ++++
S. Pronk, S. Páll, R. Schulz, P. Larsson, P. Bjelkmar, R. Apostolov, M. R.
Shirts, J. C. Smith, P. M. Kasson, D. van der Spoel, B. Hess, E. Lindahl
GROMACS 4.5: a high-throughput and highly parallel open source molecular
simulation toolkit
Bioinformatics (2013)
DOI: 10.1093/bioinformatics/btt055
-------- -------- --- Thank You --- -------- --------


++++ PLEASE READ AND CITE THE FOLLOWING REFERENCE ++++
B. Hess, C. Kutzner, D. van der Spoel, E. Lindahl
GROMACS 4: Algorithms for highly efficient, load-balanced, and scalable
molecular simulation
J. Chem. Theory Comput. (2008)
DOI: 10.1021/ct700301q
-------- -------- --- Thank You --- -------- --------


++++ PLEASE READ AND CITE THE FOLLOWING REFERENCE ++++
D. van der Spoel, E. Lindahl, B. Hess, G. Groenhof, A. E. Mark, H. J. C.
Berendsen
GROMACS: Fast, Flexible and Free
J. Comp. Chem. (2005)
DOI: 10.1002/jcc.20291
-------- -------- --- Thank You --- -------- --------


++++ PLEASE READ AND CITE THE FOLLOWING REFERENCE ++++
E. Lindahl, B. Hess, D. van der Spoel
GROMACS 3.0: A package for molecular simulation and trajectory analysis
J. Mol. Mod. (2001)
DOI: 10.1007/s008940100045
-------- -------- --- Thank You --- -------- --------


++++ PLEASE READ AND CITE THE FOLLOWING REFERENCE ++++
H. J. C. Berendsen, D. van der Spoel and R. van Drunen
GROMACS: A message-passing parallel molecular dynamics implementation
Comp. Phys. Comm. (1995)
DOI: 10.1016/0010-4655(95)00042-E
-------- -------- --- Thank You --- -------- --------


++++ PLEASE CITE THE DOI FOR THIS VERSION OF GROMACS ++++
https://doi.org/10.5281/zenodo.17671793
-------- -------- --- Thank You --- -------- --------

Input Parameters:
   integrator                     = md
   tinit                          = 0
   dt                             = 0.00025
   nsteps                         = 20000
   init-step                      = 0
   simulation-part                = 1
   mts                            = false
   mass-repartition-factor        = 1
   comm-mode                      = None
   nstcomm                        = 0
   bd-fric                        = 0
   ld-seed                        = 938654527
   emtol                          = 10
   emstep                         = 0.01
   niter                          = 20
   fcstep                         = 0
   nstcgsteep                     = 1000
   nbfgscorr                      = 10
   rtpi                           = 0.05
   nstxout                        = 0
   nstvout                        = 0
   nstfout                        = 0
   nstlog                         = 500
   nstcalcenergy                  = 100
   nstenergy                      = 500
   nstxout-compressed             = 500
   compressed-x-precision         = 1000
   cutoff-scheme                  = Verlet
   nstlist                        = 20
   pbc                            = xyz
   periodic-molecules             = false
   verlet-buffer-tolerance        = 0.002
   verlet-buffer-pressure-tolerance = 0.5
   rlist                          = 1.2
   coulombtype                    = PME
   coulomb-modifier               = Potential-shift
   rcoulomb-switch                = 0
   rcoulomb                       = 1.2
   epsilon-r                      = 1
   epsilon-rf                     = inf
   vdw-type                       = Cut-off
   vdw-modifier                   = Potential-shift
   rvdw-switch                    = 0
   rvdw                           = 1.2
   DispCorr                       = No
   table-extension                = 1
   fourierspacing                 = 0.12
   fourier-nx                     = 64
   fourier-ny                     = 64
   fourier-nz                     = 84
   pme-order                      = 4
   ewald-rtol                     = 1e-05
   ewald-rtol-lj                  = 0.001
   lj-pme-comb-rule               = Geometric
   ewald-geometry                 = 3d
   epsilon-surface                = 0
   ensemble-temperature-setting   = constant
   ensemble-temperature           = 100
   tcoupl                         = V-rescale
   nsttcouple                     = 100
   nh-chain-length                = 0
   print-nose-hoover-chain-variables = false
   pcoupl                         = No
   refcoord-scaling               = No
   posres-com: not available
   posres-comB: not available
   QMMM                           = false
qm-opts:
   ngQM                           = 0
   constraint-algorithm           = Lincs
   continuation                   = false
   Shake-SOR                      = false
   shake-tol                      = 0.0001
   lincs-order                    = 4
   lincs-iter                     = 1
   lincs-warnangle                = 30
   nwall                          = 0
   wall-type                      = 9-3
   wall-r-linpot                  = -1
   wall-atomtype[0]               = -1
   wall-atomtype[1]               = -1
   wall-density[0]                = 0
   wall-density[1]                = 0
   wall-ewald-zfac                = 3
   pull                           = false
   awh                            = false
   rotation                       = false
   interactiveMD                  = false
   disre                          = No
   disre-weighting                = Conservative
   disre-mixed                    = false
   dr-fc                          = 1000
   dr-tau                         = 0
   nstdisreout                    = 100
   orire-fc                       = 0
   orire-tau                      = 0
   nstorireout                    = 100
   free-energy                    = no
   cos-acceleration               = 0
   deform (3x3):
      deform[    0]={ 0.00000e+00,  0.00000e+00,  0.00000e+00}
      deform[    1]={ 0.00000e+00,  0.00000e+00,  0.00000e+00}
      deform[    2]={ 0.00000e+00,  0.00000e+00,  0.00000e+00}
   simulated-tempering            = false
   swapcoords                     = no
   userint1                       = 0
   userint2                       = 0
   userint3                       = 0
   userint4                       = 0
   userreal1                      = 0
   userreal2                      = 0
   userreal3                      = 0
   userreal4                      = 0
   applied-forces:
     electric-field:
       x:
         E0                       = 0
         omega                    = 0
         t0                       = 0
         sigma                    = 0
       y:
         E0                       = 0
         omega                    = 0
         t0                       = 0
         sigma                    = 0
       z:
         E0                       = 0
         omega                    = 0
         t0                       = 0
         sigma                    = 0
     density-guided-simulation:
       active                     = false
       group                      = protein
       similarity-measure         = inner-product
       atom-spreading-weight      = unity
       force-constant             = 1e+09
       gaussian-transform-spreading-width = 0.2
       gaussian-transform-spreading-range-in-multiples-of-width = 4
       reference-density-filename = reference.mrc
       nst                        = 1
       normalize-densities        = true
       adaptive-force-scaling     = false
       adaptive-force-scaling-time-constant = 4
       shift-vector               = 
       transformation-matrix      = 
     qmmm-cp2k:
       active                     = false
       qmgroup                    = System
       qmmethod                   = PBE
       qmfilenames                = 
       qmcharge                   = 0
       qmmultiplicity             = 1
     colvars:
       active                     = false
       configfile                 = 
       seed                       = -1
     nnpot:
       active                     = false
       modelfile                  = model.pt
       input-group                = System
       model-input1               = 
       model-input2               = 
       model-input3               = 
       model-input4               = 
grpopts:
   nrdf:        5040
   ref-t:         100
   tau-t:           1
annealing:          No
annealing-npoints:           0
   acc:	           0           0           0
   nfreeze:           Y           Y           Y           Y           Y           Y           N           N           N
   energygrp-flags[  0]: 0

Changing nstlist from 20 to 100, rlist from 1.2 to 1.202


Initializing Domain Decomposition on 1 ranks
Dynamic load balancing: auto
Using update groups, nr 18418, average size 3.7 atoms, max. radius 0.078 nm
Minimum cell size due to atom displacement: 0.124 nm
Initial maximum distances in bonded interactions:
    two-body bonded interactions: 0.374 nm, LJ-14, atoms 1761 1768
  multi-body bonded interactions: 0.374 nm, Proper Dih., atoms 1761 1768
Minimum cell size due to bonded interactions: 0.411 nm
Using 0 separate PME ranks because: there are too few total ranks for efficient splitting
Optimizing the DD grid for 1 cells with a minimum initial size of 0.411 nm
The maximum allowed number of cells is: X 17 Y 17 Z 24
Domain decomposition grid 1 x 1 x 1, separate PME ranks 0
PME domain decomposition: 1 x 1 x 1

The initial number of communication pulses is:
The initial domain decomposition cell size is:

The maximum allowed distance for atom groups involved in interactions is:
                 non-bonded interactions           1.358 nm
            two-body bonded interactions  (-rdd)   1.358 nm
          multi-body bonded interactions  (-rdd)   1.358 nm

When dynamic load balancing gets turned on, these settings will change to:
The maximum number of communication pulses is:
The minimum size for domain decomposition cells is 1.358 nm
The requested allowed shrink of DD cells (option -dds) is: 0.80
The allowed shrink of domain decomposition cells is:
The maximum allowed distance for atom groups involved in interactions is:
                 non-bonded interactions           1.358 nm
            two-body bonded interactions  (-rdd)   1.358 nm
          multi-body bonded interactions  (-rdd)   1.358 nm

Local state does not use filler particles

Using 1 MPI thread
Using 12 OpenMP threads 

System total charge: -0.000
Will do PME sum in reciprocal space for electrostatic interactions.

++++ PLEASE READ AND CITE THE FOLLOWING REFERENCE ++++
U. Essmann, L. Perera, M. L. Berkowitz, T. Darden, H. Lee, L. G. Pedersen 
A smooth particle mesh Ewald method
J. Chem. Phys. (1995)
DOI: 10.1063/1.470117
-------- -------- --- Thank You --- -------- --------

Using a Gaussian width (1/beta) of 0.384195 nm for Ewald
Potential shift: LJ r^-12: -1.122e-01 r^-6: -3.349e-01, Ewald -8.333e-06
Initialized non-bonded Coulomb Ewald tables, spacing: 1.02e-03 size: 1176

Generated table with 1101 data points for 1-4 COUL.
Tabscale = 500 points/nm
Generated table with 1101 data points for 1-4 LJ6.
Tabscale = 500 points/nm
Generated table with 1101 data points for 1-4 LJ12.
Tabscale = 500 points/nm


Using SIMD4xM 4x8 nonbonded short-range kernels

Using a 4x8 pair-list setup:
  updated every 100 steps, buffer 0.002 nm, rlist 1.202 nm
At tolerance 0.002 kJ/mol/ps per atom, equivalent classical 1x1 list would be:
  updated every 100 steps, buffer 0.032 nm, rlist 1.232 nm

The average pressure is off by at most 0.07 bar due to missing LJ interactions

Using Lorentz-Berthelot Lennard-Jones combination rule
Removing pbc first time

Linking all bonded interactions to atoms


++++ PLEASE READ AND CITE THE FOLLOWING REFERENCE ++++
S. Miyamoto, P. A. Kollman
SETTLE: An Analytical Version of the SHAKE and RATTLE Algorithms for Rigid
Water Models
J. Comp. Chem. (1992)
DOI: 10.1002/jcc.540130805
-------- -------- --- Thank You --- -------- --------


++++ PLEASE READ AND CITE THE FOLLOWING REFERENCE ++++
G. Bussi, D. Donadio, M. Parrinello
Canonical sampling through velocity rescaling
J. Chem. Phys. (2007)
DOI: 10.1063/1.2408420
-------- -------- --- Thank You --- -------- --------

There are: 51686 Atoms
There are: 16634 VSites

Atom distribution over 1 domains: av 68320 stddev 0 min 68320 max 68320

Constraining the starting coordinates (step 0)

Constraining the coordinates at t0-dt (step 0)
RMS relative constraint deviation after constraining: 0.00e+00
Initial temperature: 99.294 K

Started mdrun on rank 0 Thu Jun 18 12:21:43 2026

           Step           Time
              0        0.00000

   Energies (kJ/mol)
           Bond          Angle    Proper Dih.  Improper Dih. Per. Imp. Dih.
    1.74965e+02    1.23942e+02    6.05813e-01    3.38491e+03    5.96000e-02
          LJ-14     Coulomb-14        LJ (SR)   Coulomb (SR)   Coul. recip.
    1.72112e+02    4.94403e+01    1.87833e+05   -1.10023e+06    1.54439e+03
      Potential    Kinetic En.   Total Energy  Conserved En.    Temperature
   -9.06948e+05    2.08041e+03   -9.04867e+05   -9.04867e+05    9.92921e+01
 Pressure (bar)
    2.97043e+04

           Step           Time
            500        0.12500

   Energies (kJ/mol)
           Bond          Angle    Proper Dih.  Improper Dih. Per. Imp. Dih.
    1.19758e+03    4.93751e+02    6.05813e-01    3.54221e+03    5.96000e-02
          LJ-14     Coulomb-14        LJ (SR)   Coulomb (SR)   Coul. recip.
    1.72112e+02    4.94403e+01    1.86761e+05   -1.10023e+06    1.54438e+03
      Potential    Kinetic En.   Total Energy  Conserved En.    Temperature
   -9.06470e+05    1.67194e+03   -9.04798e+05   -9.04866e+05    7.97971e+01
 Pressure (bar)
    2.87531e+04

           Step           Time
           1000        0.25000

   Energies (kJ/mol)
           Bond          Angle    Proper Dih.  Improper Dih. Per. Imp. Dih.
    2.38381e+03    6.02502e+02    6.05813e-01    3.45640e+03    5.96000e-02
          LJ-14     Coulomb-14        LJ (SR)   Coulomb (SR)   Coul. recip.
    1.72112e+02    4.94403e+01    1.85870e+05   -1.10023e+06    1.54438e+03
      Potential    Kinetic En.   Total Energy  Conserved En.    Temperature
   -9.06152e+05    1.41872e+03   -9.04733e+05   -9.04866e+05    6.77116e+01
 Pressure (bar)
    2.78751e+04

           Step           Time
           1500        0.37500

   Energies (kJ/mol)
           Bond          Angle    Proper Dih.  Improper Dih. Per. Imp. Dih.
    1.89387e+03    6.22133e+02    6.05813e-01    3.49155e+03    5.96000e-02
          LJ-14     Coulomb-14        LJ (SR)   Coulomb (SR)   Coul. recip.
    1.72112e+02    4.94403e+01    1.86245e+05   -1.10023e+06    1.54438e+03
      Potential    Kinetic En.   Total Energy  Conserved En.    Temperature
   -9.06212e+05    1.54280e+03   -9.04669e+05   -9.04866e+05    7.36332e+01
 Pressure (bar)
    2.82456e+04

           Step           Time
           2000        0.50000

   Energies (kJ/mol)
           Bond          Angle    Proper Dih.  Improper Dih. Per. Imp. Dih.
    1.14408e+03    4.72507e+02    6.05813e-01    3.70956e+03    5.96000e-02
          LJ-14     Coulomb-14        LJ (SR)   Coulomb (SR)   Coul. recip.
    1.72112e+02    4.94403e+01    1.86801e+05   -1.10023e+06    1.54438e+03
      Potential    Kinetic En.   Total Energy  Conserved En.    Temperature
   -9.06337e+05    1.73833e+03   -9.04599e+05   -9.04866e+05    8.29656e+01
 Pressure (bar)
    2.87819e+04

           Step           Time
           2500        0.62500

   Energies (kJ/mol)
           Bond          Angle    Proper Dih.  Improper Dih. Per. Imp. Dih.
    1.09448e+03    5.94728e+02    6.05813e-01    3.81274e+03    5.96000e-02
          LJ-14     Coulomb-14        LJ (SR)   Coulomb (SR)   Coul. recip.
    1.72112e+02    4.94403e+01    1.87079e+05   -1.10023e+06    1.54438e+03
      Potential    Kinetic En.   Total Energy  Conserved En.    Temperature
   -9.05884e+05    1.37206e+03   -9.04512e+05   -9.04866e+05    6.54845e+01
 Pressure (bar)
    2.90321e+04

           Step           Time
           3000        0.75000

   Energies (kJ/mol)
           Bond          Angle    Proper Dih.  Improper Dih. Per. Imp. Dih.
    8.74523e+02    6.26879e+02    6.05813e-01    3.63044e+03    5.96000e-02
          LJ-14     Coulomb-14        LJ (SR)   Coulomb (SR)   Coul. recip.
    1.72112e+02    4.94403e+01    1.87202e+05   -1.10023e+06    1.54438e+03
      Potential    Kinetic En.   Total Energy  Conserved En.    Temperature
   -9.06131e+05    1.71063e+03   -9.04421e+05   -9.04866e+05    8.16436e+01
 Pressure (bar)
    2.91653e+04

           Step           Time
           3500        0.87500

   Energies (kJ/mol)
           Bond          Angle    Proper Dih.  Improper Dih. Per. Imp. Dih.
    1.73524e+03    6.45940e+02    6.05813e-01    3.54173e+03    5.96000e-02
          LJ-14     Coulomb-14        LJ (SR)   Coulomb (SR)   Coul. recip.
    1.72112e+02    4.94403e+01    1.86365e+05   -1.10023e+06    1.54438e+03
      Potential    Kinetic En.   Total Energy  Conserved En.    Temperature
   -9.06176e+05    1.79060e+03   -9.04386e+05   -9.04865e+05    8.54601e+01
 Pressure (bar)
    2.83764e+04

           Step           Time
           4000        1.00000

   Energies (kJ/mol)
           Bond          Angle    Proper Dih.  Improper Dih. Per. Imp. Dih.
    2.62117e+03    6.09643e+02    6.05813e-01    3.58924e+03    5.96000e-02
          LJ-14     Coulomb-14        LJ (SR)   Coulomb (SR)   Coul. recip.
    1.72112e+02    4.94403e+01    1.85713e+05   -1.10023e+06    1.54438e+03
      Potential    Kinetic En.   Total Energy  Conserved En.    Temperature
   -9.05931e+05    1.59256e+03   -9.04339e+05   -9.04865e+05    7.60085e+01
 Pressure (bar)
    2.77255e+04

           Step           Time
           4500        1.12500

   Energies (kJ/mol)
           Bond          Angle    Proper Dih.  Improper Dih. Per. Imp. Dih.
    1.40513e+03    5.75808e+02    6.05813e-01    3.68695e+03    5.96000e-02
          LJ-14     Coulomb-14        LJ (SR)   Coulomb (SR)   Coul. recip.
    1.72112e+02    4.94403e+01    1.86599e+05   -1.10023e+06    1.54438e+03
      Potential    Kinetic En.   Total Energy  Conserved En.    Temperature
   -9.06197e+05    1.89102e+03   -9.04306e+05   -9.04865e+05    9.02532e+01
 Pressure (bar)
    2.85942e+04

           Step           Time
           5000        1.25000

   Energies (kJ/mol)
           Bond          Angle    Proper Dih.  Improper Dih. Per. Imp. Dih.
    7.54362e+02    6.31739e+02    6.05813e-01    3.73611e+03    5.96000e-02
          LJ-14     Coulomb-14        LJ (SR)   Coulomb (SR)   Coul. recip.
    1.72112e+02    4.94403e+01    1.87421e+05   -1.10023e+06    1.54438e+03
      Potential    Kinetic En.   Total Energy  Conserved En.    Temperature
   -9.05922e+05    1.66698e+03   -9.04254e+05   -9.04865e+05    7.95604e+01
 Pressure (bar)
    2.93329e+04

           Step           Time
           5500        1.37500

   Energies (kJ/mol)
           Bond          Angle    Proper Dih.  Improper Dih. Per. Imp. Dih.
    1.27659e+03    6.63945e+02    6.05813e-01    3.76111e+03    5.96000e-02
          LJ-14     Coulomb-14        LJ (SR)   Coulomb (SR)   Coul. recip.
    1.72112e+02    4.94403e+01    1.86932e+05   -1.10023e+06    1.54438e+03
      Potential    Kinetic En.   Total Energy  Conserved En.    Temperature
   -9.05831e+05    1.65121e+03   -9.04180e+05   -9.04866e+05    7.88075e+01
 Pressure (bar)
    2.88977e+04

           Step           Time
           6000        1.50000

   Energies (kJ/mol)
           Bond          Angle    Proper Dih.  Improper Dih. Per. Imp. Dih.
    1.51875e+03    6.67207e+02    6.05813e-01    3.68358e+03    5.96000e-02
          LJ-14     Coulomb-14        LJ (SR)   Coulomb (SR)   Coul. recip.
    1.72112e+02    4.94403e+01    1.86522e+05   -1.10023e+06    1.54438e+03
      Potential    Kinetic En.   Total Energy  Conserved En.    Temperature
   -9.06073e+05    1.95633e+03   -9.04117e+05   -9.04865e+05    9.33702e+01
 Pressure (bar)
    2.85311e+04

           Step           Time
           6500        1.62500

   Energies (kJ/mol)
           Bond          Angle    Proper Dih.  Improper Dih. Per. Imp. Dih.
    1.96076e+03    7.13008e+02    6.05813e-01    3.66394e+03    5.96000e-02
          LJ-14     Coulomb-14        LJ (SR)   Coulomb (SR)   Coul. recip.
    1.72112e+02    4.94403e+01    1.86279e+05   -1.10023e+06    1.54438e+03
      Potential    Kinetic En.   Total Energy  Conserved En.    Temperature
   -9.05848e+05    1.73922e+03   -9.04108e+05   -9.04865e+05    8.30079e+01
 Pressure (bar)
    2.82619e+04

           Step           Time
           7000        1.75000

   Energies (kJ/mol)
           Bond          Angle    Proper Dih.  Improper Dih. Per. Imp. Dih.
    2.07493e+03    6.22643e+02    6.05813e-01    3.68247e+03    5.96000e-02
          LJ-14     Coulomb-14        LJ (SR)   Coulomb (SR)   Coul. recip.
    1.72112e+02    4.94403e+01    1.86058e+05   -1.10023e+06    1.54438e+03
      Potential    Kinetic En.   Total Energy  Conserved En.    Temperature
   -9.06026e+05    1.93368e+03   -9.04093e+05   -9.04865e+05    9.22888e+01
 Pressure (bar)
    2.80785e+04

           Step           Time
           7500        1.87500

   Energies (kJ/mol)
           Bond          Angle    Proper Dih.  Improper Dih. Per. Imp. Dih.
    1.26424e+03    6.48247e+02    6.05813e-01    3.69583e+03    5.96000e-02
          LJ-14     Coulomb-14        LJ (SR)   Coulomb (SR)   Coul. recip.
    1.72112e+02    4.94403e+01    1.86860e+05   -1.10023e+06    1.54438e+03
      Potential    Kinetic En.   Total Energy  Conserved En.    Temperature
   -9.05997e+05    1.90345e+03   -9.04093e+05   -9.04865e+05    9.08463e+01
 Pressure (bar)
    2.88523e+04

           Step           Time
           8000        2.00000

   Energies (kJ/mol)
           Bond          Angle    Proper Dih.  Improper Dih. Per. Imp. Dih.
    7.79901e+02    7.01452e+02    6.05813e-01    3.76179e+03    5.96000e-02
          LJ-14     Coulomb-14        LJ (SR)   Coulomb (SR)   Coul. recip.
    1.72112e+02    4.94403e+01    1.87539e+05   -1.10023e+06    1.54438e+03
      Potential    Kinetic En.   Total Energy  Conserved En.    Temperature
   -9.05683e+05    1.62352e+03   -9.04059e+05   -9.04865e+05    7.74861e+01
 Pressure (bar)
    2.94330e+04

           Step           Time
           8500        2.12500

   Energies (kJ/mol)
           Bond          Angle    Proper Dih.  Improper Dih. Per. Imp. Dih.
    1.38607e+03    6.67914e+02    6.05813e-01    3.76772e+03    5.96000e-02
          LJ-14     Coulomb-14        LJ (SR)   Coulomb (SR)   Coul. recip.
    1.72112e+02    4.94403e+01    1.86660e+05   -1.10023e+06    1.54438e+03
      Potential    Kinetic En.   Total Energy  Conserved En.    Temperature
   -9.05983e+05    1.97163e+03   -9.04011e+05   -9.04865e+05    9.41001e+01
 Pressure (bar)
    2.86605e+04

           Step           Time
           9000        2.25000

   Energies (kJ/mol)
           Bond          Angle    Proper Dih.  Improper Dih. Per. Imp. Dih.
    2.23220e+03    6.46952e+02    6.05813e-01    3.67404e+03    5.96000e-02
          LJ-14     Coulomb-14        LJ (SR)   Coulomb (SR)   Coul. recip.
    1.72112e+02    4.94403e+01    1.86002e+05   -1.10023e+06    1.54438e+03
      Potential    Kinetic En.   Total Energy  Conserved En.    Temperature
   -9.05909e+05    1.90346e+03   -9.04006e+05   -9.04865e+05    9.08465e+01
 Pressure (bar)
    2.80175e+04

           Step           Time
           9500        2.37500

   Energies (kJ/mol)
           Bond          Angle    Proper Dih.  Improper Dih. Per. Imp. Dih.
    2.00127e+03    6.83549e+02    6.05813e-01    3.65576e+03    5.96000e-02
          LJ-14     Coulomb-14        LJ (SR)   Coulomb (SR)   Coul. recip.
    1.72112e+02    4.94403e+01    1.86260e+05   -1.10023e+06    1.54438e+03
      Potential    Kinetic En.   Total Energy  Conserved En.    Temperature
   -9.05864e+05    1.86658e+03   -9.03997e+05   -9.04865e+05    8.90865e+01
 Pressure (bar)
    2.82554e+04

           Step           Time
          10000        2.50000

   Energies (kJ/mol)
           Bond          Angle    Proper Dih.  Improper Dih. Per. Imp. Dih.
    1.35588e+03    7.05984e+02    6.05813e-01    3.73213e+03    5.96000e-02
          LJ-14     Coulomb-14        LJ (SR)   Coulomb (SR)   Coul. recip.
    1.72112e+02    4.94403e+01    1.86697e+05   -1.10023e+06    1.54438e+03
      Potential    Kinetic En.   Total Energy  Conserved En.    Temperature
   -9.05973e+05    1.97684e+03   -9.03996e+05   -9.04865e+05    9.43487e+01
 Pressure (bar)
    2.87063e+04

           Step           Time
          10500        2.62500

   Energies (kJ/mol)
           Bond          Angle    Proper Dih.  Improper Dih. Per. Imp. Dih.
    1.08454e+03    7.06485e+02    6.05813e-01    3.82342e+03    5.96000e-02
          LJ-14     Coulomb-14        LJ (SR)   Coulomb (SR)   Coul. recip.
    1.72112e+02    4.94403e+01    1.87156e+05   -1.10023e+06    1.54438e+03
      Potential    Kinetic En.   Total Energy  Conserved En.    Temperature
   -9.05694e+05    1.70964e+03   -9.03984e+05   -9.04865e+05    8.15962e+01
 Pressure (bar)
    2.91076e+04

           Step           Time
          11000        2.75000

   Energies (kJ/mol)
           Bond          Angle    Proper Dih.  Improper Dih. Per. Imp. Dih.
    9.89454e+02    6.77877e+02    6.05813e-01    3.75382e+03    5.96000e-02
          LJ-14     Coulomb-14        LJ (SR)   Coulomb (SR)   Coul. recip.
    1.72112e+02    4.94403e+01    1.87164e+05   -1.10023e+06    1.54438e+03
      Potential    Kinetic En.   Total Energy  Conserved En.    Temperature
   -9.05879e+05    1.94436e+03   -9.03935e+05   -9.04865e+05    9.27987e+01
 Pressure (bar)
    2.91218e+04

           Step           Time
          11500        2.87500

   Energies (kJ/mol)
           Bond          Angle    Proper Dih.  Improper Dih. Per. Imp. Dih.
    1.92848e+03    7.14528e+02    6.05813e-01    3.66443e+03    5.96000e-02
          LJ-14     Coulomb-14        LJ (SR)   Coulomb (SR)   Coul. recip.
    1.72112e+02    4.94403e+01    1.86246e+05   -1.10023e+06    1.54438e+03
      Potential    Kinetic En.   Total Energy  Conserved En.    Temperature
   -9.05912e+05    1.98657e+03   -9.03925e+05   -9.04864e+05    9.48131e+01
 Pressure (bar)
    2.82676e+04

           Step           Time
          12000        3.00000

   Energies (kJ/mol)
           Bond          Angle    Proper Dih.  Improper Dih. Per. Imp. Dih.
    2.50389e+03    7.14463e+02    6.05813e-01    3.69473e+03    5.96000e-02
          LJ-14     Coulomb-14        LJ (SR)   Coulomb (SR)   Coul. recip.
    1.72112e+02    4.94403e+01    1.85844e+05   -1.10023e+06    1.54438e+03
      Potential    Kinetic En.   Total Energy  Conserved En.    Temperature
   -9.05708e+05    1.80381e+03   -9.03904e+05   -9.04864e+05    8.60905e+01
 Pressure (bar)
    2.78765e+04

           Step           Time
          12500        3.12500

   Energies (kJ/mol)
           Bond          Angle    Proper Dih.  Improper Dih. Per. Imp. Dih.
    1.42723e+03    7.31400e+02    6.05813e-01    3.73463e+03    5.96000e-02
          LJ-14     Coulomb-14        LJ (SR)   Coulomb (SR)   Coul. recip.
    1.72112e+02    4.94403e+01    1.86685e+05   -1.10023e+06    1.54438e+03
      Potential    Kinetic En.   Total Energy  Conserved En.    Temperature
   -9.05886e+05    2.03510e+03   -9.03851e+05   -9.04864e+05    9.71296e+01
 Pressure (bar)
    2.86958e+04

           Step           Time
          13000        3.25000

   Energies (kJ/mol)
           Bond          Angle    Proper Dih.  Improper Dih. Per. Imp. Dih.
    1.03351e+03    7.10020e+02    6.05813e-01    3.82192e+03    5.96000e-02
          LJ-14     Coulomb-14        LJ (SR)   Coulomb (SR)   Coul. recip.
    1.72112e+02    4.94403e+01    1.87199e+05   -1.10023e+06    1.54438e+03
      Potential    Kinetic En.   Total Energy  Conserved En.    Temperature
   -9.05700e+05    1.85063e+03   -9.03850e+05   -9.04864e+05    8.83251e+01
 Pressure (bar)
    2.91634e+04

           Step           Time
          13500        3.37500

   Energies (kJ/mol)
           Bond          Angle    Proper Dih.  Improper Dih. Per. Imp. Dih.
    1.28593e+03    7.08235e+02    6.05813e-01    3.79256e+03    5.96000e-02
          LJ-14     Coulomb-14        LJ (SR)   Coulomb (SR)   Coul. recip.
    1.72112e+02    4.94403e+01    1.86951e+05   -1.10023e+06    1.54438e+03
      Potential    Kinetic En.   Total Energy  Conserved En.    Temperature
   -9.05727e+05    1.91389e+03   -9.03813e+05   -9.04864e+05    9.13443e+01
 Pressure (bar)
    2.89350e+04

           Step           Time
          14000        3.50000

   Energies (kJ/mol)
           Bond          Angle    Proper Dih.  Improper Dih. Per. Imp. Dih.
    1.54556e+03    7.09246e+02    6.05813e-01    3.71144e+03    5.96000e-02
          LJ-14     Coulomb-14        LJ (SR)   Coulomb (SR)   Coul. recip.
    1.72112e+02    4.94403e+01    1.86554e+05   -1.10023e+06    1.54438e+03
      Potential    Kinetic En.   Total Energy  Conserved En.    Temperature
   -9.05944e+05    2.16099e+03   -9.03783e+05   -9.04864e+05    1.03138e+02
 Pressure (bar)
    2.85844e+04

           Step           Time
          14500        3.62500

   Energies (kJ/mol)
           Bond          Angle    Proper Dih.  Improper Dih. Per. Imp. Dih.
    2.20136e+03    7.28587e+02    6.05813e-01    3.71116e+03    5.96000e-02
          LJ-14     Coulomb-14        LJ (SR)   Coulomb (SR)   Coul. recip.
    1.72112e+02    4.94403e+01    1.86122e+05   -1.10023e+06    1.54438e+03
      Potential    Kinetic En.   Total Energy  Conserved En.    Temperature
   -9.05702e+05    1.91597e+03   -9.03786e+05   -9.04864e+05    9.14439e+01
 Pressure (bar)
    2.81469e+04

           Step           Time
          15000        3.75000

   Energies (kJ/mol)
           Bond          Angle    Proper Dih.  Improper Dih. Per. Imp. Dih.
    2.00327e+03    7.22172e+02    6.05813e-01    3.76947e+03    5.96000e-02
          LJ-14     Coulomb-14        LJ (SR)   Coulomb (SR)   Coul. recip.
    1.72112e+02    4.94403e+01    1.86161e+05   -1.10023e+06    1.54438e+03
      Potential    Kinetic En.   Total Energy  Conserved En.    Temperature
   -9.05808e+05    2.03777e+03   -9.03770e+05   -9.04864e+05    9.72569e+01
 Pressure (bar)
    2.82048e+04

           Step           Time
          15500        3.87500

   Energies (kJ/mol)
           Bond          Angle    Proper Dih.  Improper Dih. Per. Imp. Dih.
    1.10729e+03    7.53609e+02    6.05813e-01    3.82678e+03    5.96000e-02
          LJ-14     Coulomb-14        LJ (SR)   Coulomb (SR)   Coul. recip.
    1.72112e+02    4.94403e+01    1.87003e+05   -1.10023e+06    1.54438e+03
      Potential    Kinetic En.   Total Energy  Conserved En.    Temperature
   -9.05774e+05    1.99963e+03   -9.03774e+05   -9.04864e+05    9.54365e+01
 Pressure (bar)
    2.90019e+04

           Step           Time
          16000        4.00000

   Energies (kJ/mol)
           Bond          Angle    Proper Dih.  Improper Dih. Per. Imp. Dih.
    1.00288e+03    7.14718e+02    6.05813e-01    3.78308e+03    5.96000e-02
          LJ-14     Coulomb-14        LJ (SR)   Coulomb (SR)   Coul. recip.
    1.72112e+02    4.94403e+01    1.87320e+05   -1.10023e+06    1.54438e+03
      Potential    Kinetic En.   Total Energy  Conserved En.    Temperature
   -9.05644e+05    1.87774e+03   -9.03766e+05   -9.04864e+05    8.96193e+01
 Pressure (bar)
    2.92671e+04

           Step           Time
          16500        4.12500

   Energies (kJ/mol)
           Bond          Angle    Proper Dih.  Improper Dih. Per. Imp. Dih.
    1.59899e+03    7.51165e+02    6.05813e-01    3.77181e+03    5.96000e-02
          LJ-14     Coulomb-14        LJ (SR)   Coulomb (SR)   Coul. recip.
    1.72112e+02    4.94403e+01    1.86510e+05   -1.10023e+06    1.54438e+03
      Potential    Kinetic En.   Total Energy  Conserved En.    Temperature
   -9.05832e+05    2.09838e+03   -9.03734e+05   -9.04864e+05    1.00150e+02
 Pressure (bar)
    2.85444e+04

           Step           Time
          17000        4.25000

   Energies (kJ/mol)
           Bond          Angle    Proper Dih.  Improper Dih. Per. Imp. Dih.
    2.11437e+03    7.73676e+02    6.05813e-01    3.74465e+03    5.96000e-02
          LJ-14     Coulomb-14        LJ (SR)   Coulomb (SR)   Coul. recip.
    1.72112e+02    4.94403e+01    1.86125e+05   -1.10023e+06    1.54438e+03
      Potential    Kinetic En.   Total Energy  Conserved En.    Temperature
   -9.05707e+05    1.99155e+03   -9.03715e+05   -9.04864e+05    9.50508e+01
 Pressure (bar)
    2.81664e+04

           Step           Time
          17500        4.37500

   Energies (kJ/mol)
           Bond          Angle    Proper Dih.  Improper Dih. Per. Imp. Dih.
    1.89069e+03    7.14248e+02    6.05813e-01    3.81664e+03    5.96000e-02
          LJ-14     Coulomb-14        LJ (SR)   Coulomb (SR)   Coul. recip.
    1.72112e+02    4.94403e+01    1.86315e+05   -1.10023e+06    1.54438e+03
      Potential    Kinetic En.   Total Energy  Conserved En.    Temperature
   -9.05728e+05    2.05040e+03   -9.03678e+05   -9.04864e+05    9.78599e+01
 Pressure (bar)
    2.83347e+04

           Step           Time
          18000        4.50000

   Energies (kJ/mol)
           Bond          Angle    Proper Dih.  Improper Dih. Per. Imp. Dih.
    1.42731e+03    7.13724e+02    6.05813e-01    3.83202e+03    5.96000e-02
          LJ-14     Coulomb-14        LJ (SR)   Coulomb (SR)   Coul. recip.
    1.72112e+02    4.94403e+01    1.86688e+05   -1.10023e+06    1.54438e+03
      Potential    Kinetic En.   Total Energy  Conserved En.    Temperature
   -9.05804e+05    2.14310e+03   -9.03660e+05   -9.04864e+05    1.02284e+02
 Pressure (bar)
    2.87083e+04

           Step           Time
          18500        4.62500

   Energies (kJ/mol)
           Bond          Angle    Proper Dih.  Improper Dih. Per. Imp. Dih.
    1.16937e+03    7.31703e+02    6.05813e-01    3.80959e+03    5.96000e-02
          LJ-14     Coulomb-14        LJ (SR)   Coulomb (SR)   Coul. recip.
    1.72112e+02    4.94403e+01    1.87090e+05   -1.10023e+06    1.54438e+03
      Potential    Kinetic En.   Total Energy  Conserved En.    Temperature
   -9.05664e+05    2.00835e+03   -9.03655e+05   -9.04864e+05    9.58527e+01
 Pressure (bar)
    2.90733e+04

           Step           Time
          19000        4.75000

   Energies (kJ/mol)
           Bond          Angle    Proper Dih.  Improper Dih. Per. Imp. Dih.
    1.28873e+03    7.50880e+02    6.05813e-01    3.78319e+03    5.96000e-02
          LJ-14     Coulomb-14        LJ (SR)   Coulomb (SR)   Coul. recip.
    1.72112e+02    4.94403e+01    1.86919e+05   -1.10023e+06    1.54438e+03
      Potential    Kinetic En.   Total Energy  Conserved En.    Temperature
   -9.05723e+05    2.06029e+03   -9.03662e+05   -9.04864e+05    9.83316e+01
 Pressure (bar)
    2.89194e+04

           Step           Time
          19500        4.87500

   Energies (kJ/mol)
           Bond          Angle    Proper Dih.  Improper Dih. Per. Imp. Dih.
    1.96866e+03    7.41897e+02    6.05813e-01    3.77611e+03    5.96000e-02
          LJ-14     Coulomb-14        LJ (SR)   Coulomb (SR)   Coul. recip.
    1.72112e+02    4.94403e+01    1.86254e+05   -1.10023e+06    1.54438e+03
      Potential    Kinetic En.   Total Energy  Conserved En.    Temperature
   -9.05724e+05    2.08975e+03   -9.03634e+05   -9.04865e+05    9.97379e+01
 Pressure (bar)
    2.82901e+04

           Step           Time
          20000        5.00000

Writing checkpoint, step 20000 at Thu Jun 18 12:27:43 2026


   Energies (kJ/mol)
           Bond          Angle    Proper Dih.  Improper Dih. Per. Imp. Dih.
    2.20106e+03    7.72154e+02    6.05813e-01    3.82477e+03    5.96000e-02
          LJ-14     Coulomb-14        LJ (SR)   Coulomb (SR)   Coul. recip.
    1.72112e+02    4.94403e+01    1.86075e+05   -1.10023e+06    1.54438e+03
      Potential    Kinetic En.   Total Energy  Conserved En.    Temperature
   -9.05592e+05    1.96756e+03   -9.03624e+05   -9.04864e+05    9.39058e+01
 Pressure (bar)
    2.81089e+04


Energy conservation over simulation part #1 of length 5 ps, time 0 to 5 ps
  Conserved energy drift: 8.42e-06 kJ/mol/ps per atom


	<======  ###############  ==>
	<====  A V E R A G E S  ====>
	<==  ###############  ======>

	Statistics over 20001 steps using 201 frames

   Energies (kJ/mol)
           Bond          Angle    Proper Dih.  Improper Dih. Per. Imp. Dih.
    1.54396e+03    6.75539e+02    6.05813e-01    3.71497e+03    5.96000e-02
          LJ-14     Coulomb-14        LJ (SR)   Coulomb (SR)   Coul. recip.
    1.72112e+02    4.94403e+01    1.86629e+05   -1.10023e+06    1.54438e+03
      Potential    Kinetic En.   Total Energy  Conserved En.    Temperature
   -9.05901e+05    1.85528e+03   -9.04045e+05   -9.04865e+05    8.85474e+01
 Pressure (bar)
    2.86223e+04

   Total Virial (kJ/mol)
   -4.55209e+05   -6.07740e+03   -4.82248e+02
   -5.96746e+03   -4.75717e+05    4.25219e+03
   -3.69018e+02    4.25042e+03   -4.83428e+05

   Pressure (bar)
    2.76367e+04    3.68609e+02    2.91717e+01
    3.61943e+02    2.88808e+04   -2.57585e+02
    2.23064e+01   -2.57477e+02    2.93495e+04


	M E G A - F L O P S   A C C O U N T I N G

 NB=Group-cutoff nonbonded kernels    NxN=N-by-N cluster Verlet kernels
 RF=Reaction-Field  VdW=Van der Waals  QSTab=quadratic-spline table
 W3=SPC/TIP3p  W4=TIP4p (single or pairs)
 V&F=Potential and force  V=Potential only  F=Force only

 Computing:                               M-Number         M-Flops  % Flops
-----------------------------------------------------------------------------
 Pair Search distance check            6929.350468       62364.154     0.1
 NxN Ewald Elec. + LJ [F]            489815.308224    32327810.343    48.3
 NxN Ewald Elec. + LJ [V&F]            4972.403840      532047.211     0.8
 NxN LJ [F]                           19183.032000      633040.056     0.9
 NxN LJ [V&F]                           194.710752        8372.562     0.0
 NxN Ewald Elec. [F]                 486392.803776    29669961.030    44.3
 NxN Ewald Elec. [V&F]                 4937.629440      414760.873     0.6
 1,4 nonbonded interactions               5.120256         460.823     0.0
 Calc Weights                          4099.404960      147578.579     0.2
 Spread Q Bspline                     87453.972480      174907.945     0.3
 Gather F Bspline                     87453.972480      524723.835     0.8
 3D-FFT                              253138.016268     2025104.130     3.0
 Solve PME                             3522.736128      225455.112     0.3
 Reset In Box                            13.732320          41.197     0.0
 CG-CoM                                  13.800640          41.402     0.0
 Bonds                                   51.522576        3039.832     0.0
 Angles                                 101.045052       16975.569     0.0
 Propers                                  6.080304        1392.390     0.0
 Impropers                               33.681684        7005.790     0.0
 Virial                                  13.741365         247.345     0.0
 Calc-Ekin                               27.464640         741.545     0.0
 Constraint-V                           998.139804        8983.258     0.0
 Constraint-Vir                          10.030302         240.727     0.0
 Settle                                 332.729902      123110.064     0.2
 Virtual Site 3                         336.040068       12433.483     0.0
-----------------------------------------------------------------------------
 Total                                                66920839.254   100.0
-----------------------------------------------------------------------------


    D O M A I N   D E C O M P O S I T I O N   S T A T I S T I C S

 av. #atoms communicated per step for force:  2 x 0.0


      R E A L   C Y C L E   A N D   T I M E   A C C O U N T I N G

On 1 MPI rank, each using 12 OpenMP threads

 Activity:              Num   Num      Call    Wall time         Giga-Cycles
                        Ranks Threads  Count      (s)         total sum    %
--------------------------------------------------------------------------------
 Domain decomp.            1   12        201       1.074         33.407   0.3
 Vsite constr.             1   12      20001       0.870         27.073   0.2
 Neighbor search           1   12        201       3.967        123.380   1.1
 Force                     1   12      20001     283.683       8823.430  78.8
 PME mesh                  1   12      20001      57.911       1801.207  16.1
 NB X/F buffer ops.        1   12      40002       4.182        130.079   1.2
 Vsite spread              1   12      20202       1.278         39.742   0.4
 Write traj.               1   12         41       0.421         13.085   0.1
 Update                    1   12      20001       3.429        106.649   1.0
 Constraints               1   12      20003       1.914         59.521   0.5
 Kinetic energy            1   12        401       0.047          1.461   0.0
 Rest                                              1.261         39.212   0.4
--------------------------------------------------------------------------------
 Total                                           360.036      11198.248 100.0
--------------------------------------------------------------------------------
 Breakdown of PME mesh activities
--------------------------------------------------------------------------------
 PME spread                1   12      20001      22.793        708.945   6.3
 PME gather                1   12      20001      14.269        443.816   4.0
 PME 3D-FFT                1   12      40002      19.561        608.406   5.4
 PME solve Elec            1   12      20001       1.200         37.334   0.3
--------------------------------------------------------------------------------

               Core t (s)   Wall t (s)        (%)
       Time:     4320.428      360.036     1200.0
                 (ns/day)    (hour/ns)
Performance:        1.200       20.001
Finished mdrun on rank 0 Thu Jun 18 12:27:44 2026

