                      :-) GROMACS - gmx mdrun, 2025.4 (-:

Copyright 1991-2025 The GROMACS Authors.
GROMACS is free software; you can redistribute it and/or modify it
under the terms of the GNU Lesser General Public License
as published by the Free Software Foundation; either version 2.1
of the License, or (at your option) any later version.

                         Current GROMACS contributors:
       Mark Abraham           Andrey Alekseenko           Brian Andrews       
      Vladimir Basov              Paul Bauer                Hugh Bird         
      Eliane Briand               Ania Brown              Mahesh Doijade      
      Giacomo Fiorin          Stefan Fleischmann          Sergey Gorelov      
   Gilles Gouaillardet            Alan Gray              M. Eric Irrgang      
   Farzaneh Jalalypour         Petter Johansson          Carsten Kutzner      
    Grzegorz Łazarski         Justin A. Lemkul          Magnus Lundborg      
       Pascal Merz             Vedran Miletić            Dmitry Morozov      
     Lukas Müllender            Julien Nabet             Szilárd Páll      
 Andrea Pasquadibisceglie     Michele Pellegrino         Nicola Piasentin     
     Daniele Rapetti         Muhammad Umair Sadiq         Hubert Santuz       
      Roland Schulz             Michael Shirts           Tatiana Shugaeva     
     Alexey Shvetsov            Philip Turner            Alessandra Villa     
 Sebastian Wingbermühle  

                         Previous GROMACS contributors:
        Emile Apol             Rossen Apostolov           James Barnett       
  Herman J.C. Berendsen         Cathrine Bergh             Par Bjelkmar       
      Christian Blau          Viacheslav Bolnykh            Kevin Boyd        
    Aldert van Buuren          Carlo Camilloni           Rudi van Drunen      
      Anton Feenstra           Oliver Fleetwood            Vytas Gapsys       
       Gaurav Garg             Gerrit Groenhof            Bert de Groot       
      Anca Hamuraru           Vincent Hindriksen          Victor Holanda      
     Aleksei Iupinov              Joe Jordan            Christoph Junghans    
    Prashanth Kanduri        Dimitrios Karkoulis           Peter Kasson       
      Sebastian Kehl           Sebastian Keller             Jiri Kraus        
       Per Larsson              Viveca Lindahl            Erik Marklund       
    Pieter Meulenhoff           Teemu Murtola              Sander Pronk       
      Alfons Sijbers            Balint Soproni         David van der Spoel    
      Peter Tieleman            Carsten Uphoff             Jon Vincent        
     Teemu Virolainen         Christian Wennberg           Maarten Wolf       
      Artem Zhmurov       

                  Coordinated by the GROMACS project leaders:
                           Berk Hess and Erik Lindahl

GROMACS:      gmx mdrun, version 2025.4
Executable:   /usr/local/gromacs/bin/gmx
Data prefix:  /usr/local/gromacs
Working dir:  /Users/alejandro/projects/Multiscale-Simulation-Project/Microtubule_Inspired_Phase0
Process ID:   4554
Command line:
  gmx mdrun -v -deffnm runs/phase1A/hybrid_hbnBonded_nvt1ps/nvt_1ps_hbnMobile_pyrSolFrozen

GROMACS version:     2025.4
Precision:           mixed
Memory model:        64 bit
MPI library:         thread_mpi
OpenMP support:      enabled (GMX_OPENMP_MAX_THREADS = 128)
GPU support:         disabled
SIMD instructions:   AVX2_256
CPU FFT library:     fftw-3.3.10-sse2
GPU FFT library:     none
Multi-GPU FFT:       none
RDTSCP usage:        enabled
TNG support:         enabled
Hwloc support:       disabled
Tracing support:     disabled
C compiler:          /usr/bin/gcc AppleClang 14.0.0.14000029
C compiler flags:    -mavx2 -mfma -Wno-missing-field-initializers -fno-stack-check -O3 -DNDEBUG
C++ compiler:        /usr/bin/g++ AppleClang 14.0.0.14000029
C++ compiler flags:  -mavx2 -mfma -Wno-reserved-identifier -Wno-missing-field-initializers -fno-stack-check -Weverything -Wno-c++98-compat -Wno-c++98-compat-pedantic -Wno-source-uses-openmp -Wno-c++17-extensions -Wno-documentation-unknown-command -Wno-covered-switch-default -Wno-switch-enum -Wno-switch-default -Wno-extra-semi-stmt -Wno-weak-vtables -Wno-shadow -Wno-padded -Wno-reserved-id-macro -Wno-double-promotion -Wno-exit-time-destructors -Wno-global-constructors -Wno-documentation -Wno-format-nonliteral -Wno-used-but-marked-unused -Wno-float-equal -Wno-conditional-uninitialized -Wno-conversion -Wno-disabled-macro-expansion -Wno-unused-macros SHELL:-Xpreprocessor -fopenmp -I/usr/local/opt/libomp/include -O3 -DNDEBUG
BLAS library:        External - detected on the system
LAPACK library:      External - detected on the system


Running on 1 node with total 0 processing units
Hardware detected on host Alejandros-MacBook-Pro-2.local:
  CPU info:
    Vendor: Intel
    Brand:  Intel(R) Core(TM) i7-9750H CPU @ 2.60GHz
    Family: 6   Model: 158   Stepping: 10
    Features: aes apic avx avx2 clfsh cmov cx8 cx16 f16c fma htt intel lahf mmx msr nonstop_tsc pcid pclmuldq pdcm pdpe1gb popcnt pse rdrnd rdtscp sse2 sse3 sse4.1 sse4.2 ssse3 tdt x2apic
  Hardware topology: Only logical processor count
    CPU limit set by OS: -1   Recommended max number of threads: 12


++++ PLEASE READ AND CITE THE FOLLOWING REFERENCE ++++
M. J. Abraham, T. Murtola, R. Schulz, S. Páll, J. C. Smith, B. Hess, E.
Lindahl
GROMACS: High performance molecular simulations through multi-level
parallelism from laptops to supercomputers
SoftwareX (2015)
DOI: 10.1016/j.softx.2015.06.001
-------- -------- --- Thank You --- -------- --------


++++ PLEASE READ AND CITE THE FOLLOWING REFERENCE ++++
S. Páll, M. J. Abraham, C. Kutzner, B. Hess, E. Lindahl
Tackling Exascale Software Challenges in Molecular Dynamics Simulations with
GROMACS
In S. Markidis & E. Laure (Eds.), Solving Software Challenges for Exascale (2015)
DOI: 10.1007/978-3-319-15976-8_1
-------- -------- --- Thank You --- -------- --------


++++ PLEASE READ AND CITE THE FOLLOWING REFERENCE ++++
S. Pronk, S. Páll, R. Schulz, P. Larsson, P. Bjelkmar, R. Apostolov, M. R.
Shirts, J. C. Smith, P. M. Kasson, D. van der Spoel, B. Hess, E. Lindahl
GROMACS 4.5: a high-throughput and highly parallel open source molecular
simulation toolkit
Bioinformatics (2013)
DOI: 10.1093/bioinformatics/btt055
-------- -------- --- Thank You --- -------- --------


++++ PLEASE READ AND CITE THE FOLLOWING REFERENCE ++++
B. Hess, C. Kutzner, D. van der Spoel, E. Lindahl
GROMACS 4: Algorithms for highly efficient, load-balanced, and scalable
molecular simulation
J. Chem. Theory Comput. (2008)
DOI: 10.1021/ct700301q
-------- -------- --- Thank You --- -------- --------


++++ PLEASE READ AND CITE THE FOLLOWING REFERENCE ++++
D. van der Spoel, E. Lindahl, B. Hess, G. Groenhof, A. E. Mark, H. J. C.
Berendsen
GROMACS: Fast, Flexible and Free
J. Comp. Chem. (2005)
DOI: 10.1002/jcc.20291
-------- -------- --- Thank You --- -------- --------


++++ PLEASE READ AND CITE THE FOLLOWING REFERENCE ++++
E. Lindahl, B. Hess, D. van der Spoel
GROMACS 3.0: A package for molecular simulation and trajectory analysis
J. Mol. Mod. (2001)
DOI: 10.1007/s008940100045
-------- -------- --- Thank You --- -------- --------


++++ PLEASE READ AND CITE THE FOLLOWING REFERENCE ++++
H. J. C. Berendsen, D. van der Spoel and R. van Drunen
GROMACS: A message-passing parallel molecular dynamics implementation
Comp. Phys. Comm. (1995)
DOI: 10.1016/0010-4655(95)00042-E
-------- -------- --- Thank You --- -------- --------


++++ PLEASE CITE THE DOI FOR THIS VERSION OF GROMACS ++++
https://doi.org/10.5281/zenodo.17671793
-------- -------- --- Thank You --- -------- --------

Input Parameters:
   integrator                     = md
   tinit                          = 0
   dt                             = 0.00025
   nsteps                         = 4000
   init-step                      = 0
   simulation-part                = 1
   mts                            = false
   mass-repartition-factor        = 1
   comm-mode                      = None
   nstcomm                        = 0
   bd-fric                        = 0
   ld-seed                        = 2113789420
   emtol                          = 10
   emstep                         = 0.01
   niter                          = 20
   fcstep                         = 0
   nstcgsteep                     = 1000
   nbfgscorr                      = 10
   rtpi                           = 0.05
   nstxout                        = 0
   nstvout                        = 0
   nstfout                        = 0
   nstlog                         = 100
   nstcalcenergy                  = 100
   nstenergy                      = 100
   nstxout-compressed             = 100
   compressed-x-precision         = 1000
   cutoff-scheme                  = Verlet
   nstlist                        = 20
   pbc                            = xyz
   periodic-molecules             = false
   verlet-buffer-tolerance        = 0.002
   verlet-buffer-pressure-tolerance = 0.5
   rlist                          = 1.2
   coulombtype                    = PME
   coulomb-modifier               = Potential-shift
   rcoulomb-switch                = 0
   rcoulomb                       = 1.2
   epsilon-r                      = 1
   epsilon-rf                     = inf
   vdw-type                       = Cut-off
   vdw-modifier                   = Potential-shift
   rvdw-switch                    = 0
   rvdw                           = 1.2
   DispCorr                       = No
   table-extension                = 1
   fourierspacing                 = 0.12
   fourier-nx                     = 64
   fourier-ny                     = 64
   fourier-nz                     = 84
   pme-order                      = 4
   ewald-rtol                     = 1e-05
   ewald-rtol-lj                  = 0.001
   lj-pme-comb-rule               = Geometric
   ewald-geometry                 = 3d
   epsilon-surface                = 0
   ensemble-temperature-setting   = constant
   ensemble-temperature           = 50
   tcoupl                         = V-rescale
   nsttcouple                     = 100
   nh-chain-length                = 0
   print-nose-hoover-chain-variables = false
   pcoupl                         = No
   refcoord-scaling               = No
   posres-com: not available
   posres-comB: not available
   QMMM                           = false
qm-opts:
   ngQM                           = 0
   constraint-algorithm           = Lincs
   continuation                   = false
   Shake-SOR                      = false
   shake-tol                      = 0.0001
   lincs-order                    = 4
   lincs-iter                     = 1
   lincs-warnangle                = 30
   nwall                          = 0
   wall-type                      = 9-3
   wall-r-linpot                  = -1
   wall-atomtype[0]               = -1
   wall-atomtype[1]               = -1
   wall-density[0]                = 0
   wall-density[1]                = 0
   wall-ewald-zfac                = 3
   pull                           = false
   awh                            = false
   rotation                       = false
   interactiveMD                  = false
   disre                          = No
   disre-weighting                = Conservative
   disre-mixed                    = false
   dr-fc                          = 1000
   dr-tau                         = 0
   nstdisreout                    = 100
   orire-fc                       = 0
   orire-tau                      = 0
   nstorireout                    = 100
   free-energy                    = no
   cos-acceleration               = 0
   deform (3x3):
      deform[    0]={ 0.00000e+00,  0.00000e+00,  0.00000e+00}
      deform[    1]={ 0.00000e+00,  0.00000e+00,  0.00000e+00}
      deform[    2]={ 0.00000e+00,  0.00000e+00,  0.00000e+00}
   simulated-tempering            = false
   swapcoords                     = no
   userint1                       = 0
   userint2                       = 0
   userint3                       = 0
   userint4                       = 0
   userreal1                      = 0
   userreal2                      = 0
   userreal3                      = 0
   userreal4                      = 0
   applied-forces:
     electric-field:
       x:
         E0                       = 0
         omega                    = 0
         t0                       = 0
         sigma                    = 0
       y:
         E0                       = 0
         omega                    = 0
         t0                       = 0
         sigma                    = 0
       z:
         E0                       = 0
         omega                    = 0
         t0                       = 0
         sigma                    = 0
     density-guided-simulation:
       active                     = false
       group                      = protein
       similarity-measure         = inner-product
       atom-spreading-weight      = unity
       force-constant             = 1e+09
       gaussian-transform-spreading-width = 0.2
       gaussian-transform-spreading-range-in-multiples-of-width = 4
       reference-density-filename = reference.mrc
       nst                        = 1
       normalize-densities        = true
       adaptive-force-scaling     = false
       adaptive-force-scaling-time-constant = 4
       shift-vector               = 
       transformation-matrix      = 
     qmmm-cp2k:
       active                     = false
       qmgroup                    = System
       qmmethod                   = PBE
       qmfilenames                = 
       qmcharge                   = 0
       qmmultiplicity             = 1
     colvars:
       active                     = false
       configfile                 = 
       seed                       = -1
     nnpot:
       active                     = false
       modelfile                  = model.pt
       input-group                = System
       model-input1               = 
       model-input2               = 
       model-input3               = 
       model-input4               = 
grpopts:
   nrdf:        5040
   ref-t:          50
   tau-t:           1
annealing:          No
annealing-npoints:           0
   acc:	           0           0           0
   nfreeze:           Y           Y           Y           Y           Y           Y           N           N           N
   energygrp-flags[  0]: 0

Changing nstlist from 20 to 100, rlist from 1.2 to 1.2


Initializing Domain Decomposition on 1 ranks
Dynamic load balancing: auto
Using update groups, nr 18418, average size 3.7 atoms, max. radius 0.078 nm
Minimum cell size due to atom displacement: 0.089 nm
Initial maximum distances in bonded interactions:
    two-body bonded interactions: 0.374 nm, LJ-14, atoms 1735 1742
  multi-body bonded interactions: 0.374 nm, Proper Dih., atoms 1735 1742
Minimum cell size due to bonded interactions: 0.412 nm
Using 0 separate PME ranks because: there are too few total ranks for efficient splitting
Optimizing the DD grid for 1 cells with a minimum initial size of 0.412 nm
The maximum allowed number of cells is: X 17 Y 17 Z 24
Domain decomposition grid 1 x 1 x 1, separate PME ranks 0
PME domain decomposition: 1 x 1 x 1

The initial number of communication pulses is:
The initial domain decomposition cell size is:

The maximum allowed distance for atom groups involved in interactions is:
                 non-bonded interactions           1.356 nm
            two-body bonded interactions  (-rdd)   1.356 nm
          multi-body bonded interactions  (-rdd)   1.356 nm

When dynamic load balancing gets turned on, these settings will change to:
The maximum number of communication pulses is:
The minimum size for domain decomposition cells is 1.356 nm
The requested allowed shrink of DD cells (option -dds) is: 0.80
The allowed shrink of domain decomposition cells is:
The maximum allowed distance for atom groups involved in interactions is:
                 non-bonded interactions           1.356 nm
            two-body bonded interactions  (-rdd)   1.356 nm
          multi-body bonded interactions  (-rdd)   1.356 nm

Local state does not use filler particles

Using 1 MPI thread
Using 12 OpenMP threads 

System total charge: -0.000
Will do PME sum in reciprocal space for electrostatic interactions.

++++ PLEASE READ AND CITE THE FOLLOWING REFERENCE ++++
U. Essmann, L. Perera, M. L. Berkowitz, T. Darden, H. Lee, L. G. Pedersen 
A smooth particle mesh Ewald method
J. Chem. Phys. (1995)
DOI: 10.1063/1.470117
-------- -------- --- Thank You --- -------- --------

Using a Gaussian width (1/beta) of 0.384195 nm for Ewald
Potential shift: LJ r^-12: -1.122e-01 r^-6: -3.349e-01, Ewald -8.333e-06
Initialized non-bonded Coulomb Ewald tables, spacing: 1.02e-03 size: 1176

Generated table with 1100 data points for 1-4 COUL.
Tabscale = 500 points/nm
Generated table with 1100 data points for 1-4 LJ6.
Tabscale = 500 points/nm
Generated table with 1100 data points for 1-4 LJ12.
Tabscale = 500 points/nm


Using SIMD4xM 4x8 nonbonded short-range kernels

Using a 4x8 pair-list setup:
  updated every 100 steps, buffer 0.000 nm, rlist 1.200 nm
At tolerance 0.002 kJ/mol/ps per atom, equivalent classical 1x1 list would be:
  updated every 100 steps, buffer 0.017 nm, rlist 1.217 nm

The average pressure is off by at most 0.09 bar due to missing LJ interactions

Using Lorentz-Berthelot Lennard-Jones combination rule
Removing pbc first time

Linking all bonded interactions to atoms


++++ PLEASE READ AND CITE THE FOLLOWING REFERENCE ++++
S. Miyamoto, P. A. Kollman
SETTLE: An Analytical Version of the SHAKE and RATTLE Algorithms for Rigid
Water Models
J. Comp. Chem. (1992)
DOI: 10.1002/jcc.540130805
-------- -------- --- Thank You --- -------- --------


++++ PLEASE READ AND CITE THE FOLLOWING REFERENCE ++++
G. Bussi, D. Donadio, M. Parrinello
Canonical sampling through velocity rescaling
J. Chem. Phys. (2007)
DOI: 10.1063/1.2408420
-------- -------- --- Thank You --- -------- --------

There are: 51686 Atoms
There are: 16634 VSites

Atom distribution over 1 domains: av 68320 stddev 0 min 68320 max 68320

Constraining the starting coordinates (step 0)

Constraining the coordinates at t0-dt (step 0)
RMS relative constraint deviation after constraining: 0.00e+00
Initial temperature: 49.9631 K

Started mdrun on rank 0 Thu Jun 18 10:12:12 2026

           Step           Time
              0        0.00000

   Energies (kJ/mol)
           Bond          Angle    Proper Dih. Per. Imp. Dih.          LJ-14
    5.70986e+02    4.33909e+01    6.64825e-01    6.36298e-02    1.70966e+02
     Coulomb-14        LJ (SR)   Coulomb (SR)   Coul. recip.      Potential
    4.91023e+01    1.87488e+05   -1.10129e+06    1.53836e+03   -9.11428e+05
    Kinetic En.   Total Energy  Conserved En.    Temperature Pressure (bar)
    1.04697e+03   -9.10381e+05   -9.10381e+05    4.99687e+01    2.90459e+04

           Step           Time
            100        0.02500

   Energies (kJ/mol)
           Bond          Angle    Proper Dih. Per. Imp. Dih.          LJ-14
    8.14195e+02    1.58214e+02    6.64825e-01    6.36298e-02    1.70966e+02
     Coulomb-14        LJ (SR)   Coulomb (SR)   Coul. recip.      Potential
    4.91023e+01    1.87450e+05   -1.10129e+06    1.53836e+03   -9.11108e+05
    Kinetic En.   Total Energy  Conserved En.    Temperature Pressure (bar)
    7.28018e+02   -9.10380e+05   -9.10381e+05    3.47462e+01    2.89264e+04

           Step           Time
            200        0.05000

   Energies (kJ/mol)
           Bond          Angle    Proper Dih. Per. Imp. Dih.          LJ-14
    1.00531e+03    2.40489e+02    6.64825e-01    6.36298e-02    1.70966e+02
     Coulomb-14        LJ (SR)   Coulomb (SR)   Coul. recip.      Potential
    4.91023e+01    1.87358e+05   -1.10129e+06    1.53836e+03   -9.10926e+05
    Kinetic En.   Total Energy  Conserved En.    Temperature Pressure (bar)
    5.52080e+02   -9.10374e+05   -9.10381e+05    2.63492e+01    2.87839e+04

           Step           Time
            300        0.07500

   Energies (kJ/mol)
           Bond          Angle    Proper Dih. Per. Imp. Dih.          LJ-14
    1.05356e+03    2.15946e+02    6.64825e-01    6.36298e-02    1.70966e+02
     Coulomb-14        LJ (SR)   Coulomb (SR)   Coul. recip.      Potential
    4.91023e+01    1.87284e+05   -1.10129e+06    1.53836e+03   -9.10977e+05
    Kinetic En.   Total Energy  Conserved En.    Temperature Pressure (bar)
    6.16824e+02   -9.10360e+05   -9.10380e+05    2.94392e+01    2.87590e+04

           Step           Time
            400        0.10000

   Energies (kJ/mol)
           Bond          Angle    Proper Dih. Per. Imp. Dih.          LJ-14
    1.11534e+03    2.20613e+02    6.64825e-01    6.36298e-02    1.70966e+02
     Coulomb-14        LJ (SR)   Coulomb (SR)   Coul. recip.      Potential
    4.91023e+01    1.87218e+05   -1.10129e+06    1.53836e+03   -9.10976e+05
    Kinetic En.   Total Energy  Conserved En.    Temperature Pressure (bar)
    6.22325e+02   -9.10354e+05   -9.10381e+05    2.97018e+01    2.87025e+04

           Step           Time
            500        0.12500

   Energies (kJ/mol)
           Bond          Angle    Proper Dih. Per. Imp. Dih.          LJ-14
    1.16299e+03    2.36508e+02    6.64825e-01    6.36298e-02    1.70966e+02
     Coulomb-14        LJ (SR)   Coulomb (SR)   Coul. recip.      Potential
    4.91023e+01    1.87162e+05   -1.10129e+06    1.53836e+03   -9.10969e+05
    Kinetic En.   Total Energy  Conserved En.    Temperature Pressure (bar)
    6.22333e+02   -9.10346e+05   -9.10381e+05    2.97022e+01    2.86417e+04

           Step           Time
            600        0.15000

   Energies (kJ/mol)
           Bond          Angle    Proper Dih. Per. Imp. Dih.          LJ-14
    1.16114e+03    2.23497e+02    6.64825e-01    6.36298e-02    1.70966e+02
     Coulomb-14        LJ (SR)   Coulomb (SR)   Coul. recip.      Potential
    4.91023e+01    1.87142e+05   -1.10129e+06    1.53836e+03   -9.11004e+05
    Kinetic En.   Total Energy  Conserved En.    Temperature Pressure (bar)
    6.66235e+02   -9.10337e+05   -9.10380e+05    3.17975e+01    2.86504e+04

           Step           Time
            700        0.17500

   Energies (kJ/mol)
           Bond          Angle    Proper Dih. Per. Imp. Dih.          LJ-14
    1.14652e+03    2.09156e+02    6.64825e-01    6.36298e-02    1.70966e+02
     Coulomb-14        LJ (SR)   Coulomb (SR)   Coul. recip.      Potential
    4.91023e+01    1.87135e+05   -1.10129e+06    1.53836e+03   -9.11040e+05
    Kinetic En.   Total Energy  Conserved En.    Temperature Pressure (bar)
    7.16094e+02   -9.10324e+05   -9.10381e+05    3.41771e+01    2.86533e+04

           Step           Time
            800        0.20000

   Energies (kJ/mol)
           Bond          Angle    Proper Dih. Per. Imp. Dih.          LJ-14
    1.17680e+03    2.11406e+02    6.64825e-01    6.36298e-02    1.70966e+02
     Coulomb-14        LJ (SR)   Coulomb (SR)   Coul. recip.      Potential
    4.91023e+01    1.87105e+05   -1.10129e+06    1.53836e+03   -9.11037e+05
    Kinetic En.   Total Energy  Conserved En.    Temperature Pressure (bar)
    7.20702e+02   -9.10317e+05   -9.10381e+05    3.43970e+01    2.86312e+04

           Step           Time
            900        0.22500

   Energies (kJ/mol)
           Bond          Angle    Proper Dih. Per. Imp. Dih.          LJ-14
    1.22242e+03    2.20667e+02    6.64825e-01    6.36298e-02    1.70966e+02
     Coulomb-14        LJ (SR)   Coulomb (SR)   Coul. recip.      Potential
    4.91023e+01    1.87058e+05   -1.10129e+06    1.53836e+03   -9.11029e+05
    Kinetic En.   Total Energy  Conserved En.    Temperature Pressure (bar)
    7.21672e+02   -9.10307e+05   -9.10381e+05    3.44434e+01    2.85907e+04

           Step           Time
           1000        0.25000

   Energies (kJ/mol)
           Bond          Angle    Proper Dih. Per. Imp. Dih.          LJ-14
    1.28426e+03    2.33817e+02    6.64825e-01    6.36298e-02    1.70966e+02
     Coulomb-14        LJ (SR)   Coulomb (SR)   Coul. recip.      Potential
    4.91023e+01    1.87019e+05   -1.10129e+06    1.53836e+03   -9.10993e+05
    Kinetic En.   Total Energy  Conserved En.    Temperature Pressure (bar)
    6.92195e+02   -9.10301e+05   -9.10380e+05    3.30365e+01    2.85430e+04

           Step           Time
           1100        0.27500

   Energies (kJ/mol)
           Bond          Angle    Proper Dih. Per. Imp. Dih.          LJ-14
    1.30763e+03    2.46242e+02    6.64825e-01    6.36298e-02    1.70966e+02
     Coulomb-14        LJ (SR)   Coulomb (SR)   Coul. recip.      Potential
    4.91023e+01    1.87001e+05   -1.10129e+06    1.53836e+03   -9.10975e+05
    Kinetic En.   Total Energy  Conserved En.    Temperature Pressure (bar)
    6.86834e+02   -9.10288e+05   -9.10381e+05    3.27806e+01    2.85283e+04

           Step           Time
           1200        0.30000

   Energies (kJ/mol)
           Bond          Angle    Proper Dih. Per. Imp. Dih.          LJ-14
    1.32135e+03    2.64522e+02    6.64825e-01    6.36298e-02    1.70966e+02
     Coulomb-14        LJ (SR)   Coulomb (SR)   Coul. recip.      Potential
    4.91023e+01    1.86996e+05   -1.10129e+06    1.53836e+03   -9.10948e+05
    Kinetic En.   Total Energy  Conserved En.    Temperature Pressure (bar)
    6.62276e+02   -9.10286e+05   -9.10380e+05    3.16085e+01    2.85268e+04

           Step           Time
           1300        0.32500

   Energies (kJ/mol)
           Bond          Angle    Proper Dih. Per. Imp. Dih.          LJ-14
    1.31406e+03    2.76009e+02    6.64825e-01    6.36298e-02    1.70966e+02
     Coulomb-14        LJ (SR)   Coulomb (SR)   Coul. recip.      Potential
    4.91023e+01    1.86996e+05   -1.10129e+06    1.53836e+03   -9.10944e+05
    Kinetic En.   Total Energy  Conserved En.    Temperature Pressure (bar)
    6.60733e+02   -9.10284e+05   -9.10380e+05    3.15349e+01    2.85252e+04

           Step           Time
           1400        0.35000

   Energies (kJ/mol)
           Bond          Angle    Proper Dih. Per. Imp. Dih.          LJ-14
    1.31476e+03    2.76375e+02    6.64825e-01    6.36298e-02    1.70966e+02
     Coulomb-14        LJ (SR)   Coulomb (SR)   Coul. recip.      Potential
    4.91023e+01    1.86995e+05   -1.10129e+06    1.53836e+03   -9.10944e+05
    Kinetic En.   Total Energy  Conserved En.    Temperature Pressure (bar)
    6.66363e+02   -9.10278e+05   -9.10381e+05    3.18036e+01    2.85227e+04

           Step           Time
           1500        0.37500

   Energies (kJ/mol)
           Bond          Angle    Proper Dih. Per. Imp. Dih.          LJ-14
    1.29685e+03    2.75780e+02    6.64825e-01    6.36298e-02    1.70966e+02
     Coulomb-14        LJ (SR)   Coulomb (SR)   Coul. recip.      Potential
    4.91023e+01    1.87016e+05   -1.10129e+06    1.53836e+03   -9.10941e+05
    Kinetic En.   Total Energy  Conserved En.    Temperature Pressure (bar)
    6.75469e+02   -9.10266e+05   -9.10381e+05    3.22382e+01    2.85514e+04

           Step           Time
           1600        0.40000

   Energies (kJ/mol)
           Bond          Angle    Proper Dih. Per. Imp. Dih.          LJ-14
    1.27139e+03    2.69470e+02    6.64825e-01    6.36298e-02    1.70966e+02
     Coulomb-14        LJ (SR)   Coulomb (SR)   Coul. recip.      Potential
    4.91023e+01    1.87040e+05   -1.10129e+06    1.53836e+03   -9.10950e+05
    Kinetic En.   Total Energy  Conserved En.    Temperature Pressure (bar)
    6.91223e+02   -9.10258e+05   -9.10380e+05    3.29901e+01    2.85758e+04

           Step           Time
           1700        0.42500

   Energies (kJ/mol)
           Bond          Angle    Proper Dih. Per. Imp. Dih.          LJ-14
    1.27811e+03    2.67667e+02    6.64825e-01    6.36298e-02    1.70966e+02
     Coulomb-14        LJ (SR)   Coulomb (SR)   Coul. recip.      Potential
    4.91023e+01    1.87044e+05   -1.10129e+06    1.53836e+03   -9.10940e+05
    Kinetic En.   Total Energy  Conserved En.    Temperature Pressure (bar)
    6.88279e+02   -9.10252e+05   -9.10380e+05    3.28496e+01    2.85722e+04

           Step           Time
           1800        0.45000

   Energies (kJ/mol)
           Bond          Angle    Proper Dih. Per. Imp. Dih.          LJ-14
    1.26562e+03    2.59276e+02    6.64825e-01    6.36298e-02    1.70966e+02
     Coulomb-14        LJ (SR)   Coulomb (SR)   Coul. recip.      Potential
    4.91023e+01    1.87049e+05   -1.10129e+06    1.53836e+03   -9.10957e+05
    Kinetic En.   Total Energy  Conserved En.    Temperature Pressure (bar)
    7.09800e+02   -9.10247e+05   -9.10381e+05    3.38767e+01    2.85789e+04

           Step           Time
           1900        0.47500

   Energies (kJ/mol)
           Bond          Angle    Proper Dih. Per. Imp. Dih.          LJ-14
    1.25956e+03    2.65011e+02    6.64825e-01    6.36298e-02    1.70966e+02
     Coulomb-14        LJ (SR)   Coulomb (SR)   Coul. recip.      Potential
    4.91023e+01    1.87052e+05   -1.10129e+06    1.53836e+03   -9.10954e+05
    Kinetic En.   Total Energy  Conserved En.    Temperature Pressure (bar)
    7.12683e+02   -9.10241e+05   -9.10381e+05    3.40143e+01    2.85824e+04

           Step           Time
           2000        0.50000

   Energies (kJ/mol)
           Bond          Angle    Proper Dih. Per. Imp. Dih.          LJ-14
    1.24206e+03    2.53163e+02    6.64825e-01    6.36298e-02    1.70966e+02
     Coulomb-14        LJ (SR)   Coulomb (SR)   Coul. recip.      Potential
    4.91023e+01    1.87061e+05   -1.10129e+06    1.53836e+03   -9.10974e+05
    Kinetic En.   Total Energy  Conserved En.    Temperature Pressure (bar)
    7.36115e+02   -9.10238e+05   -9.10380e+05    3.51326e+01    2.85934e+04

           Step           Time
           2100        0.52500

   Energies (kJ/mol)
           Bond          Angle    Proper Dih. Per. Imp. Dih.          LJ-14
    1.22767e+03    2.62842e+02    6.64825e-01    6.36298e-02    1.70966e+02
     Coulomb-14        LJ (SR)   Coulomb (SR)   Coul. recip.      Potential
    4.91023e+01    1.87071e+05   -1.10129e+06    1.53836e+03   -9.10969e+05
    Kinetic En.   Total Energy  Conserved En.    Temperature Pressure (bar)
    7.41852e+02   -9.10227e+05   -9.10380e+05    3.54065e+01    2.86006e+04

           Step           Time
           2200        0.55000

   Energies (kJ/mol)
           Bond          Angle    Proper Dih. Per. Imp. Dih.          LJ-14
    1.22457e+03    2.52911e+02    6.64825e-01    6.36298e-02    1.70966e+02
     Coulomb-14        LJ (SR)   Coulomb (SR)   Coul. recip.      Potential
    4.91023e+01    1.87086e+05   -1.10129e+06    1.53836e+03   -9.10967e+05
    Kinetic En.   Total Energy  Conserved En.    Temperature Pressure (bar)
    7.48533e+02   -9.10218e+05   -9.10380e+05    3.57253e+01    2.86083e+04

           Step           Time
           2300        0.57500

   Energies (kJ/mol)
           Bond          Angle    Proper Dih. Per. Imp. Dih.          LJ-14
    1.19282e+03    2.64348e+02    6.64825e-01    6.36298e-02    1.70966e+02
     Coulomb-14        LJ (SR)   Coulomb (SR)   Coul. recip.      Potential
    4.91023e+01    1.87120e+05   -1.10129e+06    1.53836e+03   -9.10953e+05
    Kinetic En.   Total Energy  Conserved En.    Temperature Pressure (bar)
    7.36652e+02   -9.10217e+05   -9.10381e+05    3.51583e+01    2.86367e+04

           Step           Time
           2400        0.60000

   Energies (kJ/mol)
           Bond          Angle    Proper Dih. Per. Imp. Dih.          LJ-14
    1.14708e+03    2.49699e+02    6.64825e-01    6.36298e-02    1.70966e+02
     Coulomb-14        LJ (SR)   Coulomb (SR)   Coul. recip.      Potential
    4.91023e+01    1.87165e+05   -1.10129e+06    1.53836e+03   -9.10969e+05
    Kinetic En.   Total Energy  Conserved En.    Temperature Pressure (bar)
    7.66777e+02   -9.10202e+05   -9.10380e+05    3.65961e+01    2.86776e+04

           Step           Time
           2500        0.62500

   Energies (kJ/mol)
           Bond          Angle    Proper Dih. Per. Imp. Dih.          LJ-14
    1.12376e+03    2.60586e+02    6.64825e-01    6.36298e-02    1.70966e+02
     Coulomb-14        LJ (SR)   Coulomb (SR)   Coul. recip.      Potential
    4.91023e+01    1.87205e+05   -1.10129e+06    1.53836e+03   -9.10941e+05
    Kinetic En.   Total Energy  Conserved En.    Temperature Pressure (bar)
    7.43935e+02   -9.10197e+05   -9.10380e+05    3.55059e+01    2.87151e+04

           Step           Time
           2600        0.65000

   Energies (kJ/mol)
           Bond          Angle    Proper Dih. Per. Imp. Dih.          LJ-14
    1.06794e+03    2.81322e+02    6.64825e-01    6.36298e-02    1.70966e+02
     Coulomb-14        LJ (SR)   Coulomb (SR)   Coul. recip.      Potential
    4.91023e+01    1.87266e+05   -1.10129e+06    1.53836e+03   -9.10915e+05
    Kinetic En.   Total Energy  Conserved En.    Temperature Pressure (bar)
    7.25323e+02   -9.10190e+05   -9.10381e+05    3.46176e+01    2.87628e+04

           Step           Time
           2700        0.67500

   Energies (kJ/mol)
           Bond          Angle    Proper Dih. Per. Imp. Dih.          LJ-14
    1.02430e+03    2.74910e+02    6.64825e-01    6.36298e-02    1.70966e+02
     Coulomb-14        LJ (SR)   Coulomb (SR)   Coul. recip.      Potential
    4.91023e+01    1.87306e+05   -1.10129e+06    1.53836e+03   -9.10925e+05
    Kinetic En.   Total Energy  Conserved En.    Temperature Pressure (bar)
    7.45944e+02   -9.10179e+05   -9.10381e+05    3.56017e+01    2.87997e+04

           Step           Time
           2800        0.70000

   Energies (kJ/mol)
           Bond          Angle    Proper Dih. Per. Imp. Dih.          LJ-14
    9.86148e+02    2.77045e+02    6.64825e-01    6.36298e-02    1.70966e+02
     Coulomb-14        LJ (SR)   Coulomb (SR)   Coul. recip.      Potential
    4.91023e+01    1.87344e+05   -1.10129e+06    1.53836e+03   -9.10923e+05
    Kinetic En.   Total Energy  Conserved En.    Temperature Pressure (bar)
    7.54149e+02   -9.10169e+05   -9.10380e+05    3.59933e+01    2.88469e+04

           Step           Time
           2900        0.72500

   Energies (kJ/mol)
           Bond          Angle    Proper Dih. Per. Imp. Dih.          LJ-14
    9.77590e+02    2.87716e+02    6.64825e-01    6.36298e-02    1.70966e+02
     Coulomb-14        LJ (SR)   Coulomb (SR)   Coul. recip.      Potential
    4.91023e+01    1.87360e+05   -1.10129e+06    1.53836e+03   -9.10905e+05
    Kinetic En.   Total Energy  Conserved En.    Temperature Pressure (bar)
    7.42177e+02   -9.10163e+05   -9.10380e+05    3.54220e+01    2.88539e+04

           Step           Time
           3000        0.75000

   Energies (kJ/mol)
           Bond          Angle    Proper Dih. Per. Imp. Dih.          LJ-14
    9.98111e+02    2.93285e+02    6.64825e-01    6.36298e-02    1.70966e+02
     Coulomb-14        LJ (SR)   Coulomb (SR)   Coul. recip.      Potential
    4.91023e+01    1.87363e+05   -1.10129e+06    1.53836e+03   -9.10876e+05
    Kinetic En.   Total Energy  Conserved En.    Temperature Pressure (bar)
    7.19448e+02   -9.10156e+05   -9.10381e+05    3.43372e+01    2.88545e+04

           Step           Time
           3100        0.77500

   Energies (kJ/mol)
           Bond          Angle    Proper Dih. Per. Imp. Dih.          LJ-14
    9.89490e+02    2.80967e+02    6.64825e-01    6.36298e-02    1.70966e+02
     Coulomb-14        LJ (SR)   Coulomb (SR)   Coul. recip.      Potential
    4.91023e+01    1.87364e+05   -1.10129e+06    1.53836e+03   -9.10895e+05
    Kinetic En.   Total Energy  Conserved En.    Temperature Pressure (bar)
    7.39488e+02   -9.10156e+05   -9.10380e+05    3.52936e+01    2.88545e+04

           Step           Time
           3200        0.80000

   Energies (kJ/mol)
           Bond          Angle    Proper Dih. Per. Imp. Dih.          LJ-14
    9.92293e+02    2.82340e+02    6.64825e-01    6.36298e-02    1.70966e+02
     Coulomb-14        LJ (SR)   Coulomb (SR)   Coul. recip.      Potential
    4.91023e+01    1.87367e+05   -1.10129e+06    1.53836e+03   -9.10889e+05
    Kinetic En.   Total Energy  Conserved En.    Temperature Pressure (bar)
    7.35768e+02   -9.10153e+05   -9.10381e+05    3.51161e+01    2.88600e+04

           Step           Time
           3300        0.82500

   Energies (kJ/mol)
           Bond          Angle    Proper Dih. Per. Imp. Dih.          LJ-14
    1.00049e+03    2.76268e+02    6.64825e-01    6.36298e-02    1.70966e+02
     Coulomb-14        LJ (SR)   Coulomb (SR)   Coul. recip.      Potential
    4.91023e+01    1.87346e+05   -1.10129e+06    1.53836e+03   -9.10908e+05
    Kinetic En.   Total Energy  Conserved En.    Temperature Pressure (bar)
    7.64135e+02   -9.10144e+05   -9.10381e+05    3.64700e+01    2.88431e+04

           Step           Time
           3400        0.85000

   Energies (kJ/mol)
           Bond          Angle    Proper Dih. Per. Imp. Dih.          LJ-14
    1.01538e+03    2.89151e+02    6.64825e-01    6.36298e-02    1.70966e+02
     Coulomb-14        LJ (SR)   Coulomb (SR)   Coul. recip.      Potential
    4.91023e+01    1.87313e+05   -1.10129e+06    1.53836e+03   -9.10913e+05
    Kinetic En.   Total Energy  Conserved En.    Temperature Pressure (bar)
    7.75271e+02   -9.10138e+05   -9.10380e+05    3.70015e+01    2.88119e+04

           Step           Time
           3500        0.87500

   Energies (kJ/mol)
           Bond          Angle    Proper Dih. Per. Imp. Dih.          LJ-14
    1.05524e+03    2.82914e+02    6.64825e-01    6.36298e-02    1.70966e+02
     Coulomb-14        LJ (SR)   Coulomb (SR)   Coul. recip.      Potential
    4.91023e+01    1.87294e+05   -1.10129e+06    1.53836e+03   -9.10899e+05
    Kinetic En.   Total Energy  Conserved En.    Temperature Pressure (bar)
    7.67919e+02   -9.10131e+05   -9.10380e+05    3.66506e+01    2.87868e+04

           Step           Time
           3600        0.90000

   Energies (kJ/mol)
           Bond          Angle    Proper Dih. Per. Imp. Dih.          LJ-14
    1.07805e+03    2.83334e+02    6.64825e-01    6.36298e-02    1.70966e+02
     Coulomb-14        LJ (SR)   Coulomb (SR)   Coul. recip.      Potential
    4.91023e+01    1.87262e+05   -1.10129e+06    1.53836e+03   -9.10907e+05
    Kinetic En.   Total Energy  Conserved En.    Temperature Pressure (bar)
    7.82248e+02   -9.10125e+05   -9.10380e+05    3.73345e+01    2.87583e+04

           Step           Time
           3700        0.92500

   Energies (kJ/mol)
           Bond          Angle    Proper Dih. Per. Imp. Dih.          LJ-14
    1.13716e+03    2.88432e+02    6.64825e-01    6.36298e-02    1.70966e+02
     Coulomb-14        LJ (SR)   Coulomb (SR)   Coul. recip.      Potential
    4.91023e+01    1.87209e+05   -1.10129e+06    1.53836e+03   -9.10896e+05
    Kinetic En.   Total Energy  Conserved En.    Temperature Pressure (bar)
    7.79098e+02   -9.10116e+05   -9.10380e+05    3.71841e+01    2.87193e+04

           Step           Time
           3800        0.95000

   Energies (kJ/mol)
           Bond          Angle    Proper Dih. Per. Imp. Dih.          LJ-14
    1.20448e+03    2.91092e+02    6.64825e-01    6.36298e-02    1.70966e+02
     Coulomb-14        LJ (SR)   Coulomb (SR)   Coul. recip.      Potential
    4.91023e+01    1.87133e+05   -1.10129e+06    1.53836e+03   -9.10901e+05
    Kinetic En.   Total Energy  Conserved En.    Temperature Pressure (bar)
    7.90583e+02   -9.10111e+05   -9.10380e+05    3.77322e+01    2.86458e+04

           Step           Time
           3900        0.97500

   Energies (kJ/mol)
           Bond          Angle    Proper Dih. Per. Imp. Dih.          LJ-14
    1.26801e+03    2.91287e+02    6.64825e-01    6.36298e-02    1.70966e+02
     Coulomb-14        LJ (SR)   Coulomb (SR)   Coul. recip.      Potential
    4.91023e+01    1.87068e+05   -1.10129e+06    1.53836e+03   -9.10903e+05
    Kinetic En.   Total Energy  Conserved En.    Temperature Pressure (bar)
    7.96190e+02   -9.10107e+05   -9.10380e+05    3.79998e+01    2.85859e+04

           Step           Time
           4000        1.00000

Writing checkpoint, step 4000 at Thu Jun 18 10:13:19 2026


   Energies (kJ/mol)
           Bond          Angle    Proper Dih. Per. Imp. Dih.          LJ-14
    1.32527e+03    2.93490e+02    6.64825e-01    6.36298e-02    1.70966e+02
     Coulomb-14        LJ (SR)   Coulomb (SR)   Coul. recip.      Potential
    4.91023e+01    1.87026e+05   -1.10129e+06    1.53836e+03   -9.10886e+05
    Kinetic En.   Total Energy  Conserved En.    Temperature Pressure (bar)
    7.79378e+02   -9.10106e+05   -9.10380e+05    3.71975e+01    2.85482e+04


Energy conservation over simulation part #1 of length 1 ps, time 0 to 1 ps
  Conserved energy drift: 1.19e-05 kJ/mol/ps per atom


	<======  ###############  ==>
	<====  A V E R A G E S  ====>
	<==  ###############  ======>

	Statistics over 4001 steps using 41 frames

   Energies (kJ/mol)
           Bond          Angle    Proper Dih. Per. Imp. Dih.          LJ-14
    1.13709e+03    2.54418e+02    6.64825e-01    6.36298e-02    1.70966e+02
     Coulomb-14        LJ (SR)   Coulomb (SR)   Coul. recip.      Potential
    4.91023e+01    1.87179e+05   -1.10129e+06    1.53836e+03   -9.10960e+05
    Kinetic En.   Total Energy  Conserved En.    Temperature Pressure (bar)
    7.25124e+02   -9.10235e+05   -9.10381e+05    3.46081e+01    2.86891e+04

   Total Virial (kJ/mol)
   -4.56779e+05   -6.16626e+03   -5.94812e+02
   -6.12696e+03   -4.76686e+05    4.18162e+03
   -4.05563e+02    4.27997e+03   -4.85326e+05

   Pressure (bar)
    2.77098e+04    3.74045e+02    3.60734e+01
    3.71662e+02    2.89167e+04   -2.53650e+02
    2.45989e+01   -2.59614e+02    2.94410e+04


	M E G A - F L O P S   A C C O U N T I N G

 NB=Group-cutoff nonbonded kernels    NxN=N-by-N cluster Verlet kernels
 RF=Reaction-Field  VdW=Van der Waals  QSTab=quadratic-spline table
 W3=SPC/TIP3p  W4=TIP4p (single or pairs)
 V&F=Potential and force  V=Potential only  F=Force only

 Computing:                               M-Number         M-Flops  % Flops
-----------------------------------------------------------------------------
 Pair Search distance check            1408.029878       12672.269     0.1
 NxN Ewald Elec. + LJ [F]             97349.624064     6425075.188    48.2
 NxN Ewald Elec. + LJ [V&F]            1007.913632      107846.759     0.8
 NxN LJ [F]                            3972.469248      131091.485     1.0
 NxN LJ [V&F]                            41.123552        1768.313     0.0
 NxN Ewald Elec. [F]                  96820.238592     5906034.554    44.3
 NxN Ewald Elec. [V&F]                 1002.431488       84204.245     0.6
 1,4 nonbonded interactions               1.024256          92.183     0.0
 Calc Weights                           820.044960       29521.619     0.2
 Spread Q Bspline                     17494.292480       34988.585     0.3
 Gather F Bspline                     17494.292480      104965.755     0.8
 3D-FFT                               50637.728268      405101.826     3.0
 Solve PME                              704.688128       45100.040     0.3
 Reset In Box                             2.801120           8.403     0.0
 CG-CoM                                   2.869440           8.608     0.0
 Bonds                                   10.306576         608.088     0.0
 Angles                                  20.213052        3395.793     0.0
 Propers                                  1.216304         278.534     0.0
 Impropers                                0.256064          53.261     0.0
 Virial                                   2.802965          50.453     0.0
 Calc-Ekin                                5.602240         151.260     0.0
 Constraint-V                           199.707804        1797.370     0.0
 Constraint-Vir                           2.045982          49.104     0.0
 Settle                                  66.585902       24636.784     0.2
 Virtual Site 3                          67.234628        2487.681     0.0
-----------------------------------------------------------------------------
 Total                                                13321988.161   100.0
-----------------------------------------------------------------------------


    D O M A I N   D E C O M P O S I T I O N   S T A T I S T I C S

 av. #atoms communicated per step for force:  2 x 0.0


      R E A L   C Y C L E   A N D   T I M E   A C C O U N T I N G

On 1 MPI rank, each using 12 OpenMP threads

 Activity:              Num   Num      Call    Wall time         Giga-Cycles
                        Ranks Threads  Count      (s)         total sum    %
--------------------------------------------------------------------------------
 Domain decomp.            1   12         41       0.216          6.704   0.3
 Vsite constr.             1   12       4001       0.138          4.281   0.2
 Neighbor search           1   12         41       0.796         24.764   1.2
 Force                     1   12       4001      53.596       1667.107  79.0
 PME mesh                  1   12       4001      10.640        330.968  15.7
 NB X/F buffer ops.        1   12       8002       0.686         21.349   1.0
 Vsite spread              1   12       4042       0.188          5.860   0.3
 Write traj.               1   12         41       0.422         13.120   0.6
 Update                    1   12       4001       0.640         19.907   0.9
 Constraints               1   12       4003       0.327         10.181   0.5
 Kinetic energy            1   12         81       0.008          0.258   0.0
 Rest                                              0.216          6.705   0.3
--------------------------------------------------------------------------------
 Total                                            67.873       2111.203 100.0
--------------------------------------------------------------------------------
 Breakdown of PME mesh activities
--------------------------------------------------------------------------------
 PME spread                1   12       4001       4.303        133.849   6.3
 PME gather                1   12       4001       2.486         77.342   3.7
 PME 3D-FFT                1   12       8002       3.591        111.686   5.3
 PME solve Elec            1   12       4001       0.241          7.504   0.4
--------------------------------------------------------------------------------

               Core t (s)   Wall t (s)        (%)
       Time:      814.450       67.873     1200.0
                 (ns/day)    (hour/ns)
Performance:        1.273       18.849
Finished mdrun on rank 0 Thu Jun 18 10:13:20 2026

