                      :-) GROMACS - gmx grompp, 2025.4 (-:

Executable:   /usr/local/gromacs/bin/gmx
Data prefix:  /usr/local/gromacs
Working dir:  /Users/alejandro/projects/Multiscale-Simulation-Project/Microtubule_Inspired_Phase0/notes/phase1_atomistic
Command line:
  gmx grompp -f runs/phase1A/hybrid_hbnBonded_kang2000_improperGeo100_nvt100ps/nvt_100ps_100K.mdp -c runs/phase1A/hybrid_hbnBonded_kang2000_improperGeo100_min/min.gro -p parameters/phase1A/accepted/hybrid_hydrated_gap45_pyr5shift_clean032/hbn_pyrene_4_hydratable_gap45_pyr5shift_clean032_hbnBonded_kang2000_improperGeo100.top -o runs/phase1A/hybrid_hbnBonded_kang2000_improperGeo100_nvt100ps/nvt_100ps_100K.tpr


-------------------------------------------------------
Program:     gmx grompp, version 2025.4
Source file: src/gromacs/commandline/cmdlineparser.cpp (line 271)
Function:    void gmx::CommandLineParser::parse(int *, char **)

Error in user input:
Invalid command-line options
  In command-line option -c
    File 'runs/phase1A/hybrid_hbnBonded_kang2000_improperGeo100_min/min.gro'
    does not exist or is not accessible.
    The file could not be opened.
      Reason: No such file or directory
      (call to fopen() returned error code 2)
  In command-line option -p
    File
    'parameters/phase1A/accepted/hybrid_hydrated_gap45_pyr5shift_clean032/hbn_pyrene_4_hydratable_gap45_pyr5shift_clean032_hbnBonded_kang2000_improperGeo100.top'
    does not exist or is not accessible.
    The file could not be opened.
      Reason: No such file or directory
      (call to fopen() returned error code 2)

For more information and tips for troubleshooting, please check the GROMACS
website at https://manual.gromacs.org/current/user-guide/run-time-errors.html
-------------------------------------------------------
