Preserved original cube: runs/phase1A/day016_md_bath_extraction/day019_transition_density_pilot/inputs/PYR2/pilot.cistp02.N40.cube
[N=80] Launching orca_plot...
-----------------------------------------------------------------------
Entering interactive generation of plots ...
GBW-file   : pilot.gbw
-----------------------------------------------------------------------
 ... the gbw file was successfully read
 ... the default volumetric output format is Cube
 ... the output filenames are pilot.moxy.plt
-----------------------------------------------------------------------
 NOTE: x=no of the MO to plot:
       y='a' for op=0 (spin up or closed shell)
       y='b' for op=1 (spin-down)
-----------------------------------------------------------------------
       !!!!!!!!!!!!!!!!!!!!!!!!!!!!!!!!!!!!!!!!!!!!!!!!!!!!!!!!!!
       ===>>> Number of available orbitals : 274
       ===>>> Number of operators          : 1
       !!!!!!!!!!!!!!!!!!!!!!!!!!!!!!!!!!!!!!!!!!!!!!!!!!!!!!!!!!
Current-settings:

PlotType id    ... 1
PlotType       ... MO-PLOT
MO/Operator    ... 0 0
Output file    ... (null)
Format         ... Grid3d/Cube
Resolution     ... 40 40 40
Boundaries     ...    93.117691   108.950725 (x direction)
                      54.227127    85.518121 (y direction)
                      43.247818    70.135750 (z direction)

       1 - Enter type of plot
       2 - Enter no of orbital to plot
       3 - Enter operator of orbital (0=alpha,1=beta)
       4 - Enter number of grid intervals
       5 - Select output file format
       6 - Plot CIS/TD-DFT difference densities
       7 - Plot CIS/TD-DFT transition densities
       8 - Set AO(=1) vs MO(=0) to plot
       9 - List all available densities
      10 - Perform Density Algebraic Operations

      11 - Generate the plot
      12 - exit this program
Enter a number: Enter NGRID: Current-settings:

PlotType id    ... 1
PlotType       ... MO-PLOT
MO/Operator    ... 0 0
Output file    ... (null)
Format         ... Grid3d/Cube
Resolution     ... 80 80 80
Boundaries     ...    93.117691   108.950725 (x direction)
                      54.227127    85.518121 (y direction)
                      43.247818    70.135750 (z direction)

       1 - Enter type of plot
       2 - Enter no of orbital to plot
       3 - Enter operator of orbital (0=alpha,1=beta)
       4 - Enter number of grid intervals
       5 - Select output file format
       6 - Plot CIS/TD-DFT difference densities
       7 - Plot CIS/TD-DFT transition densities
       8 - Set AO(=1) vs MO(=0) to plot
       9 - List all available densities
      10 - Perform Density Algebraic Operations

      11 - Generate the plot
      12 - exit this program
Enter a number: The default name of the CIS-File would be: frame000_PYR2_embedding.cis
Is this the one you want (y/n)?Number of Vectors found: 10
Orbital Window: 16...52 -> 53...273
Below you have to enter the states to compute the difference/transition densities for
Their generation may take some time and therefore you may want to enter several
states that should be used for this computation and then go for a beer.
Give a list like: 1 5 12 26 (just blanks to separate state numbers)
NOTE: a. the first excited state will be state 1 as in the program output and
      the ground state cannot be given
      b. if you did a TDA FALSE calculation, the states should be given as
      2 * state - 1, for these correspond to the X+Y vectors, while the 2 * state
      correspond to the X-Y vectors. E.g. the first three states should be 1, 3 and 5.
      while 2, 4 and 6 would refer to the X-Y components of these.
Enter states: You entered 1 states to compute
-------------------------------------
HANDLING DENSITY   1 OF   1 STATE=  2
-------------------------------------
Output filename                   ... pilot.cistp02.cube
Operator   0: i= 16... 52 a= 53...273

                             ---------------------------------
                             FINISHED CIS TRANSITION DENSITIES
                             ----------------------------------

Current-settings:

PlotType id    ... 1
PlotType       ... MO-PLOT
MO/Operator    ... 0 0
Output file    ... pilot.cistp02.cube
Format         ... Grid3d/Cube
Resolution     ... 80 80 80
Boundaries     ...    93.117691   108.950725 (x direction)
                      54.227127    85.518121 (y direction)
                      43.247818    70.135750 (z direction)

       1 - Enter type of plot
       2 - Enter no of orbital to plot
       3 - Enter operator of orbital (0=alpha,1=beta)
       4 - Enter number of grid intervals
       5 - Select output file format
       6 - Plot CIS/TD-DFT difference densities
       7 - Plot CIS/TD-DFT transition densities
       8 - Set AO(=1) vs MO(=0) to plot
       9 - List all available densities
      10 - Perform Density Algebraic Operations

      11 - Generate the plot
      12 - exit this program
Enter a number: [N=80] Generated pilot.cistp02.N80.cube (7259224 bytes)
[N=120] Launching orca_plot...
-----------------------------------------------------------------------
Entering interactive generation of plots ...
GBW-file   : pilot.gbw
-----------------------------------------------------------------------
 ... the gbw file was successfully read
 ... the default volumetric output format is Cube
 ... the output filenames are pilot.moxy.plt
-----------------------------------------------------------------------
 NOTE: x=no of the MO to plot:
       y='a' for op=0 (spin up or closed shell)
       y='b' for op=1 (spin-down)
-----------------------------------------------------------------------
       !!!!!!!!!!!!!!!!!!!!!!!!!!!!!!!!!!!!!!!!!!!!!!!!!!!!!!!!!!
       ===>>> Number of available orbitals : 274
       ===>>> Number of operators          : 1
       !!!!!!!!!!!!!!!!!!!!!!!!!!!!!!!!!!!!!!!!!!!!!!!!!!!!!!!!!!
Current-settings:

PlotType id    ... 1
PlotType       ... MO-PLOT
MO/Operator    ... 0 0
Output file    ... (null)
Format         ... Grid3d/Cube
Resolution     ... 40 40 40
Boundaries     ...    93.117691   108.950725 (x direction)
                      54.227127    85.518121 (y direction)
                      43.247818    70.135750 (z direction)

       1 - Enter type of plot
       2 - Enter no of orbital to plot
       3 - Enter operator of orbital (0=alpha,1=beta)
       4 - Enter number of grid intervals
       5 - Select output file format
       6 - Plot CIS/TD-DFT difference densities
       7 - Plot CIS/TD-DFT transition densities
       8 - Set AO(=1) vs MO(=0) to plot
       9 - List all available densities
      10 - Perform Density Algebraic Operations

      11 - Generate the plot
      12 - exit this program
Enter a number: Enter NGRID: Current-settings:

PlotType id    ... 1
PlotType       ... MO-PLOT
MO/Operator    ... 0 0
Output file    ... (null)
Format         ... Grid3d/Cube
Resolution     ... 120 120 120
Boundaries     ...    93.117691   108.950725 (x direction)
                      54.227127    85.518121 (y direction)
                      43.247818    70.135750 (z direction)

       1 - Enter type of plot
       2 - Enter no of orbital to plot
       3 - Enter operator of orbital (0=alpha,1=beta)
       4 - Enter number of grid intervals
       5 - Select output file format
       6 - Plot CIS/TD-DFT difference densities
       7 - Plot CIS/TD-DFT transition densities
       8 - Set AO(=1) vs MO(=0) to plot
       9 - List all available densities
      10 - Perform Density Algebraic Operations

      11 - Generate the plot
      12 - exit this program
Enter a number: The default name of the CIS-File would be: frame000_PYR2_embedding.cis
Is this the one you want (y/n)?Number of Vectors found: 10
Orbital Window: 16...52 -> 53...273
Below you have to enter the states to compute the difference/transition densities for
Their generation may take some time and therefore you may want to enter several
states that should be used for this computation and then go for a beer.
Give a list like: 1 5 12 26 (just blanks to separate state numbers)
NOTE: a. the first excited state will be state 1 as in the program output and
      the ground state cannot be given
      b. if you did a TDA FALSE calculation, the states should be given as
      2 * state - 1, for these correspond to the X+Y vectors, while the 2 * state
      correspond to the X-Y vectors. E.g. the first three states should be 1, 3 and 5.
      while 2, 4 and 6 would refer to the X-Y components of these.
Enter states: You entered 1 states to compute
-------------------------------------
HANDLING DENSITY   1 OF   1 STATE=  2
-------------------------------------
Output filename                   ... pilot.cistp02.cube
Operator   0: i= 16... 52 a= 53...273

                             ---------------------------------
                             FINISHED CIS TRANSITION DENSITIES
                             ----------------------------------

Current-settings:

PlotType id    ... 1
PlotType       ... MO-PLOT
MO/Operator    ... 0 0
Output file    ... pilot.cistp02.cube
Format         ... Grid3d/Cube
Resolution     ... 120 120 120
Boundaries     ...    93.117691   108.950725 (x direction)
                      54.227127    85.518121 (y direction)
                      43.247818    70.135750 (z direction)

       1 - Enter type of plot
       2 - Enter no of orbital to plot
       3 - Enter operator of orbital (0=alpha,1=beta)
       4 - Enter number of grid intervals
       5 - Select output file format
       6 - Plot CIS/TD-DFT difference densities
       7 - Plot CIS/TD-DFT transition densities
       8 - Set AO(=1) vs MO(=0) to plot
       9 - List all available densities
      10 - Perform Density Algebraic Operations

      11 - Generate the plot
      12 - exit this program
Enter a number: [N=120] Generated pilot.cistp02.N120.cube (24481625 bytes)

PYR2 S2 transition-density grid convergence completed.
N= 40: raw |mu|=1.561270 au, sqrt(2)-scaled |mu|=2.207970 au, scaled error=0.7435%
N= 80: raw |mu|=1.570543 au, sqrt(2)-scaled |mu|=2.221083 au, scaled error=0.1540%
N=120: raw |mu|=1.571986 au, sqrt(2)-scaled |mu|=2.223123 au, scaled error=0.0623%
Previous-to-finest change: 0.0918%
Overall convergence status: PASS
Wrote: runs/phase1A/day016_md_bath_extraction/day019_transition_density_pilot/grid_convergence_analysis
