===== MKL FILE =====
-rw-r--r--  1 alejandro  staff   1.0M Jun 30 12:53 runs/phase1A/day016_md_bath_extraction/day019_nto_inputs/frame000_PYR2_vacuum_reference_nto_s1_s2/frame000_PYR2_vacuum_reference_nto_s1_s2.s1.nto.mkl

===== SECTION HEADERS =====
1:$MKL 
5:$CHAR_MULT 
7:$END 
9:$COORD 
36:$END 
38:$CHARGES 
65:$END 
67:$BASIS 
86:$$
105:$$
124:$$
143:$$
162:$$
181:$$
200:$$
219:$$
238:$$
257:$$
276:$$
295:$$
314:$$
333:$$
352:$$
371:$$
380:$$
389:$$
398:$$
407:$$
416:$$
425:$$
434:$$
443:$$
452:$$
462:$END 
465:$AUXBASIS 
505:$$
545:$$
585:$$
625:$$
665:$$
705:$$
745:$$
785:$$
825:$$
865:$$
905:$$
945:$$
985:$$
1025:$$
1065:$$
1105:$$
1119:$$
1133:$$
1147:$$
1161:$$
1175:$$
1189:$$
1203:$$
1217:$$
1231:$$
1246:$END 
1248:$COEFF_ALPHA 
16429: $END
16431:$OCC_ALPHA 
16487: $END

===== LINES CONTAINING OCCUPATION OR ORBITAL LABELS =====
1248:$COEFF_ALPHA 
16431:$OCC_ALPHA 

===== FIRST 120 LINES =====
$MKL 
#
# MKL format file produced by ORCA
#
$CHAR_MULT 
  0 1
$END 

$COORD 
   6   53.100000  33.480000  29.910000 
   6   53.160000  34.150000  31.150000 
   6   53.300000  35.540000  31.190000 
   6   53.360000  36.220000  32.420000 
   6   53.510000  37.610000  32.450000 
   6   53.600000  38.350000  31.260000 
   6   53.740000  39.740000  31.280000 
   6   53.830000  40.470000  30.090000 
   6   53.770000  39.800000  28.850000 
   6   53.630000  38.400000  28.810000 
   6   53.570000  37.730000  27.580000 
   6   53.420000  36.330000  27.540000 
   6   53.340000  35.600000  28.740000 
   6   53.190000  34.200000  28.710000 
   6   53.390000  36.270000  29.980000 
   6   53.540000  37.670000  30.020000 
   1   52.980000  32.400000  29.890000 
   1   53.090000  33.570000  32.070000 
   1   53.300000  35.670000  33.350000 
   1   53.550000  38.120000  33.410000 
   1   53.790000  40.270000  32.230000 
   1   53.950000  41.550000  30.110000 
   1   53.840000  40.380000  27.930000 
   1   53.630000  38.280000  26.650000 
   1   53.370000  35.820000  26.590000 
   1   53.140000  33.670000  27.770000 
$END 

$CHARGES 
   5.850311  
   5.898576  
   5.909292  
   5.940452  
   5.943511  
   5.904645  
   5.901940  
   5.849382  
   5.897296  
   5.906923  
   5.939265  
   5.939500  
   5.903435  
   5.901470  
   5.923529  
   5.920268  
   0.998804  
   0.999374  
   0.999635  
   0.999667  
   0.999398  
   0.998792  
   0.999363  
   0.999626  
   0.999631  
   0.999383  
$END 

$BASIS 
 1 S 1.0 
     1238.401693800      0.820895668
      186.290049920      1.476644990
       42.251176346      2.152612406
       11.676557932      2.108172246
        3.593050648      0.829099993
 1 S 1.0 
        0.402451474      0.360118335
 1 S 1.0 
        0.130901827      0.155102705
 3 P 1.0 
        9.468097062      1.346764514
        2.010354514      1.067807093
        0.547710047      0.510873571
 3 P 1.0 
        0.152686138      0.136047198
 5 D 1.0 
        0.800000000      1.929201366
$$
 1 S 1.0 
     1238.401693800      0.820895668
      186.290049920      1.476644990
       42.251176346      2.152612406
       11.676557932      2.108172246
        3.593050648      0.829099993
 1 S 1.0 
        0.402451474      0.360118335
 1 S 1.0 
        0.130901827      0.155102705
 3 P 1.0 
        9.468097062      1.346764514
        2.010354514      1.067807093
        0.547710047      0.510873571
 3 P 1.0 
        0.152686138      0.136047198
 5 D 1.0 
        0.800000000      1.929201366
$$
 1 S 1.0 
     1238.401693800      0.820895668
      186.290049920      1.476644990
       42.251176346      2.152612406
       11.676557932      2.108172246
        3.593050648      0.829099993
 1 S 1.0 
        0.402451474      0.360118335
 1 S 1.0 
        0.130901827      0.155102705
 3 P 1.0 
        9.468097062      1.346764514
        2.010354514      1.067807093
        0.547710047      0.510873571
 3 P 1.0 

===== POSSIBLE OCC_ALPHA BLOCK =====
16431:$OCC_ALPHA 
16432:   0.0000000    0.0000000    0.0000000    0.0000000    0.0000000 
16433:   0.0000000    0.0000000    0.0000000    0.0000000    0.0000000 
16434:   0.0000000    0.0000000    0.0000000    0.0000000    0.0000000 
16435:   0.0000000    0.0000001    0.0000022    0.0000028    0.0000029 
16436:   0.0000041    0.0000067    0.0000077    0.0000078    0.0000083 
16437:   0.0000147    0.0000149    0.0000157    0.0000169    0.0000210 
16438:   0.0000246    0.0000246    0.0000256    0.0000298    0.0000344 
16439:   0.0000349    0.0000369    0.0000394    0.0000400    0.0000427 
16440:   0.0000516    0.0000543    0.0000563    0.0000599    0.0000638 
16441:   0.0001145    0.0001178    0.0003947    0.0004004    0.0132971 
16442:   0.0138966    0.4475660    0.5234682    0.4475660    0.0138966 
16443:   0.0132971    0.0004004    0.0003947    0.0001178    0.0001145 
16444:   0.0000638    0.0000599    0.0000563    0.0000543    0.0000516 
16445:   0.0000427    0.0000400    0.0000394    0.0000369    0.0000349 
16446:   0.0000344    0.0000298    0.0000256    0.0000246    0.0000246 
16447:   0.0000210    0.0000169    0.0000157    0.0000149    0.0000147 
16448:   0.0000083    0.0000078    0.0000077    0.0000067    0.0000041 
16449:   0.0000029    0.0000028    0.0000022    0.0000001    0.0000000 
16450:   0.0000000    0.0000000    0.0000000    0.0000000    0.0000000 
16451:   0.0000000    0.0000000    0.0000000    0.0000000    0.0000000 
16452:   0.0000000    0.0000000    0.0000000    0.0000000    0.0000000 
16453:   0.0000000    0.0000000    0.0000000    0.0000000    0.0000000 
16454:   0.0000000    0.0000000    0.0000000    0.0000000    0.0000000 
16455:   0.0000000    0.0000000    0.0000000    0.0000000    0.0000000 
16456:   0.0000000    0.0000000    0.0000000    0.0000000    0.0000000 
16457:   0.0000000    0.0000000    0.0000000    0.0000000    0.0000000 
16458:   0.0000000    0.0000000    0.0000000    0.0000000    0.0000000 
16459:   0.0000000    0.0000000    0.0000000    0.0000000    0.0000000 
16460:   0.0000000    0.0000000    0.0000000    0.0000000    0.0000000 
16461:   0.0000000    0.0000000    0.0000000    0.0000000    0.0000000 
16462:   0.0000000    0.0000000    0.0000000    0.0000000    0.0000000 
16463:   0.0000000    0.0000000    0.0000000    0.0000000    0.0000000 
16464:   0.0000000    0.0000000    0.0000000    0.0000000    0.0000000 
16465:   0.0000000    0.0000000    0.0000000    0.0000000    0.0000000 
16466:   0.0000000    0.0000000    0.0000000    0.0000000    0.0000000 
16467:   0.0000000    0.0000000    0.0000000    0.0000000    0.0000000 
16468:   0.0000000    0.0000000    0.0000000    0.0000000    0.0000000 
16469:   0.0000000    0.0000000   -0.0000000   -0.0000000   -0.0000000 
16470:  -0.0000000   -0.0000000   -0.0000000   -0.0000000   -0.0000000 
16471:  -0.0000000   -0.0000000   -0.0000000   -0.0000000   -0.0000000 
16472:  -0.0000000   -0.0000000   -0.0000000   -0.0000000   -0.0000000 
16473:  -0.0000000   -0.0000000   -0.0000000   -0.0000000   -0.0000000 
16474:  -0.0000000   -0.0000000   -0.0000000   -0.0000000   -0.0000000 
16475:  -0.0000000   -0.0000000   -0.0000000   -0.0000000   -0.0000000 
16476:  -0.0000000   -0.0000000   -0.0000000   -0.0000000   -0.0000000 
16477:  -0.0000000   -0.0000000   -0.0000000   -0.0000000   -0.0000000 
16478:  -0.0000000   -0.0000000   -0.0000000   -0.0000000   -0.0000000 
16479:  -0.0000000   -0.0000000   -0.0000000   -0.0000000   -0.0000000 
16480:  -0.0000000   -0.0000000   -0.0000000   -0.0000000   -0.0000000 
16481:  -0.0000000   -0.0000000   -0.0000000   -0.0000000   -0.0000000 
16482:  -0.0000000   -0.0000000   -0.0000000   -0.0000000   -0.0000000 
16483:  -0.0000000   -0.0000000   -0.0000000   -0.0000000   -0.0000000 
16484:  -0.0000000   -0.0000000   -0.0000000   -0.0000000   -0.0000000 
16485:  -0.0000000   -0.0000000   -0.0000000   -0.0000000   -0.0000000 
16486:  -0.0000000   -0.0000000   -0.0000000    0.0000000 
16487: $END

===== POSSIBLE ORBITAL-ENERGY BLOCK =====
