                      :-) GROMACS - gmx grompp, 2025.4 (-:

Executable:   /usr/local/gromacs/bin/gmx
Data prefix:  /usr/local/gromacs
Working dir:  /Users/alejandro/projects/Multiscale-Simulation-Project/Microtubule_Inspired_Phase0
Command line:
  gmx grompp -f runs/phase1A/hybrid_hydrated_gromacs_min/min_gap45_pyr5shift_clean032_hbnSoftLJ_posresPYR50k.mdp -c parameters/phase1A/hybrid_hydrated_gromacs/hbn_pyrene_4_tip4p2005_solvated_gap45_pyr5shift_clean032.gro -r parameters/phase1A/hybrid_hydrated_gromacs/hbn_pyrene_4_tip4p2005_solvated_gap45_pyr5shift_clean032.gro -p parameters/phase1A/hybrid_hydrated_gromacs/hbn_pyrene_4_hydratable_gap45_pyr5shift_clean032.top -o runs/phase1A/hybrid_hydrated_gromacs_min/min_gap45_pyr5shift_clean032_hbnSoftLJ_posresPYR50k.tpr

Generating 1-4 interactions: fudge = 0.5

NOTE 1 [file hbn_pyrene_4_hydratable_gap45_pyr5shift_clean032.top, line 33]:
  In moleculetype 'HBN' 1680 atoms are not bound by a potential or
  constraint to any other atom in the same moleculetype. Although
  technically this might not cause issues in a simulation, this often means
  that the user forgot to add a bond/potential/constraint or put multiple
  molecules in the same moleculetype definition by mistake. Run with -v to
  get information for each atom.

Number of degrees of freedom in T-Coupling group rest is 105113.00
The integrator does not provide a ensemble temperature, there is no system ensemble temperature

NOTE 2 [file runs/phase1A/hybrid_hydrated_gromacs_min/min_gap45_pyr5shift_clean032_hbnSoftLJ_posresPYR50k.mdp]:
  Removing center of mass motion in the presence of position restraints
  might cause artifacts. When you are using position restraints to
  equilibrate a macro-molecule, the artifacts are usually negligible.


There were 2 NOTEs

GROMACS reminds you: "Science is the great antidote to the poison of enthusiasm and superstition." (Adam Smith, Wealth of Nations, 1776)

Setting the LD random seed to -656459777

Generated 28 of the 28 non-bonded parameter combinations

Generated 28 of the 28 1-4 parameter combinations

Excluding 1 bonded neighbours molecule type 'HBN'

turning H bonds into constraints...

Excluding 3 bonded neighbours molecule type 'PYR'

turning H bonds into constraints...

Excluding 2 bonded neighbours molecule type 'SOL'

turning H bonds into constraints...

Cleaning up constraints and constant bonded interactions with virtual sites
Analysing residue names:
There are:     5      Other residues
There are: 16634      Water residues
Analysing residues not classified as Protein/DNA/RNA/Water and splitting into groups...

The largest distance between excluded atoms is 0.397 nm between atom 1760 and 1774
Calculating fourier grid dimensions for X Y Z
Using a fourier grid of 64x64x84, spacing 0.116 0.116 0.119

Estimate for the relative computational load of the PME mesh part: 0.13

This run will generate roughly 5 Mb of data
