                      :-) GROMACS - gmx grompp, 2025.4 (-:

Executable:   /usr/local/gromacs/bin/gmx
Data prefix:  /usr/local/gromacs
Working dir:  /Users/alejandro/projects/Multiscale-Simulation-Project/Microtubule_Inspired_Phase0
Command line:
  gmx grompp -f runs/phase1A/hybrid_hydrated_gap45_clean032_nvt/nvt_100ps.mdp -c runs/phase1A/accepted/hybrid_hydrated_gap45_clean032_min/min_gap45_clean032_ext.gro -r runs/phase1A/accepted/hybrid_hydrated_gap45_clean032_min/min_gap45_clean032_ext.gro -p parameters/phase1A/hybrid_hydrated_gromacs/hbn_pyrene_4_hydratable_gap45_clean032.top -o runs/phase1A/hybrid_hydrated_gap45_clean032_nvt/nvt_100ps.tpr

Generating 1-4 interactions: fudge = 0.5

NOTE 1 [file hbn_pyrene_4_hydratable_gap45_clean032.top, line 33]:
  In moleculetype 'HBN' 1680 atoms are not bound by a potential or
  constraint to any other atom in the same moleculetype. Although
  technically this might not cause issues in a simulation, this often means
  that the user forgot to add a bond/potential/constraint or put multiple
  molecules in the same moleculetype definition by mistake. Run with -v to
  get information for each atom.

Number of degrees of freedom in T-Coupling group System is 105167.00

NOTE 2 [file runs/phase1A/hybrid_hydrated_gap45_clean032_nvt/nvt_100ps.mdp]:
  Removing center of mass motion in the presence of position restraints
  might cause artifacts. When you are using position restraints to
  equilibrate a macro-molecule, the artifacts are usually negligible.


There were 2 NOTEs

GROMACS reminds you: "If we knew what it was we were doing, it would not be called research, would it?" (Albert Einstein)

Setting the LD random seed to -839426113

Generated 28 of the 28 non-bonded parameter combinations

Generated 28 of the 28 1-4 parameter combinations

Excluding 1 bonded neighbours molecule type 'HBN'

turning H bonds into constraints...

Excluding 3 bonded neighbours molecule type 'PYR'

turning H bonds into constraints...

Excluding 2 bonded neighbours molecule type 'SOL'

turning H bonds into constraints...

Velocities were taken from a Maxwell distribution at 300 K

Cleaning up constraints and constant bonded interactions with virtual sites
Analysing residue names:
There are:     5      Other residues
There are: 16643      Water residues
Analysing residues not classified as Protein/DNA/RNA/Water and splitting into groups...

The largest distance between excluded atoms is 0.374 nm between atom 1712 and 1719

Determining Verlet buffer for a tolerance of 0.005 kJ/mol/ps at 300 K

Calculated rlist for 1x1 atom pair-list as 1.241 nm, buffer size 0.041 nm

Set rlist, assuming 4x4 atom pair-list, to 1.202 nm, buffer size 0.002 nm

Note that mdrun will redetermine rlist based on the actual pair-list setup
Calculating fourier grid dimensions for X Y Z
Using a fourier grid of 64x64x84, spacing 0.116 0.116 0.119

Estimate for the relative computational load of the PME mesh part: 0.14

This run will generate roughly 39 Mb of data
