                      :-) GROMACS - gmx grompp, 2025.4 (-:

Executable:   /usr/local/gromacs/bin/gmx
Data prefix:  /usr/local/gromacs
Working dir:  /Users/alejandro/projects/Multiscale-Simulation-Project/Microtubule_Inspired_Phase0
Command line:
  gmx grompp -f runs/phase1A/hybrid_hydrated_gromacs_min/min.mdp -c parameters/phase1A/hybrid_hydrated_gromacs/hbn_pyrene_4_tip4p2005_solvated.gro -p parameters/phase1A/hybrid_hydrated_gromacs/hbn_pyrene_4_hydratable.top -o runs/phase1A/hybrid_hydrated_gromacs_min/min.tpr

Generating 1-4 interactions: fudge = 0.5

NOTE 1 [file hbn_pyrene_4_hydratable.top, line 33]:
  In moleculetype 'HBN' 1680 atoms are not bound by a potential or
  constraint to any other atom in the same moleculetype. Although
  technically this might not cause issues in a simulation, this often means
  that the user forgot to add a bond/potential/constraint or put multiple
  molecules in the same moleculetype definition by mistake. Run with -v to
  get information for each atom.

Number of degrees of freedom in T-Coupling group rest is 103787.00
The integrator does not provide a ensemble temperature, there is no system ensemble temperature

There was 1 NOTE

GROMACS reminds you: "It has not escaped our notice that the specific pairing we have postulated immediately suggests a possible copying mechanism for the genetic material." (Watson & Crick)

Setting the LD random seed to -17847880

Generated 28 of the 28 non-bonded parameter combinations

Generated 28 of the 28 1-4 parameter combinations

Excluding 1 bonded neighbours molecule type 'HBN'

turning H bonds into constraints...

Excluding 3 bonded neighbours molecule type 'PYR'

turning H bonds into constraints...

Excluding 2 bonded neighbours molecule type 'SOL'

turning H bonds into constraints...

Cleaning up constraints and constant bonded interactions with virtual sites
Analysing residue names:
There are:     5      Other residues
There are: 16413      Water residues
Analysing residues not classified as Protein/DNA/RNA/Water and splitting into groups...

The largest distance between excluded atoms is 0.374 nm between atom 1712 and 1719
Calculating fourier grid dimensions for X Y Z
Using a fourier grid of 60x60x84, spacing 0.120 0.120 0.119

Estimate for the relative computational load of the PME mesh part: 0.12

This run will generate roughly 5 Mb of data
