                      :-) GROMACS - gmx grompp, 2025.4 (-:

Executable:   /usr/local/gromacs/bin/gmx
Data prefix:  /usr/local/gromacs
Working dir:  /Users/alejandro/projects/Multiscale-Simulation-Project/Microtubule_Inspired_Phase0
Command line:
  gmx grompp -f runs/phase1A/hybrid_dry_gromacs_min/min.mdp -c parameters/phase1A/hybrid_dry_gromacs/hbn_pyrene_4_dry.gro -p parameters/phase1A/hybrid_dry_gromacs/hbn_pyrene_4_dry.top -o runs/phase1A/hybrid_dry_gromacs_min/min_gap45.tpr

Generating 1-4 interactions: fudge = 0.5

NOTE 1 [file hbn_pyrene_4_dry.top, line 27]:
  In moleculetype 'HBN' 1680 atoms are not bound by a potential or
  constraint to any other atom in the same moleculetype. Although
  technically this might not cause issues in a simulation, this often means
  that the user forgot to add a bond/potential/constraint or put multiple
  molecules in the same moleculetype definition by mistake. Run with -v to
  get information for each atom.

Number of degrees of freedom in T-Coupling group rest is 5349.00
The integrator does not provide a ensemble temperature, there is no system ensemble temperature

NOTE 2 [file runs/phase1A/hybrid_dry_gromacs_min/min.mdp]:
  The optimal PME mesh load for parallel simulations is below 0.5
  and for highly parallel simulations between 0.25 and 0.33,
  for higher performance, increase the cut-off and the PME grid spacing.



There were 2 NOTEs

GROMACS reminds you: "How Do You Like Your Vacation So Far ?" (Speed 2 - Cruise Control)

Setting the LD random seed to 2055202670

Generated 10 of the 10 non-bonded parameter combinations

Generated 10 of the 10 1-4 parameter combinations

Excluding 1 bonded neighbours molecule type 'HBN'

Excluding 3 bonded neighbours molecule type 'PYR'
Analysing residue names:
There are:     5      Other residues
Analysing residues not classified as Protein/DNA/RNA/Water and splitting into groups...

The largest distance between excluded atoms is 0.374 nm between atom 1712 and 1719
Calculating fourier grid dimensions for X Y Z
Using a fourier grid of 60x60x84, spacing 0.120 0.120 0.119

Estimate for the relative computational load of the PME mesh part: 0.96

This run will generate roughly 0 Mb of data
