-I: Adding /Users/alejandro/miniforge3/envs/mt_phase0/dat/leap/prep to search path.
-I: Adding /Users/alejandro/miniforge3/envs/mt_phase0/dat/leap/lib to search path.
-I: Adding /Users/alejandro/miniforge3/envs/mt_phase0/dat/leap/parm to search path.
-I: Adding /Users/alejandro/miniforge3/envs/mt_phase0/dat/leap/cmd to search path.
-f: Source tleap_pyrene.in.

Welcome to LEaP!
(no leaprc in search path)
Sourcing: ./tleap_pyrene.in
----- Source: /Users/alejandro/miniforge3/envs/mt_phase0/dat/leap/cmd/leaprc.gaff2
----- Source of /Users/alejandro/miniforge3/envs/mt_phase0/dat/leap/cmd/leaprc.gaff2 done
Log file: ./leap.log
Loading parameters: /Users/alejandro/miniforge3/envs/mt_phase0/dat/leap/parm/gaff2.dat
Reading title:
AMBER General Force Field for organic molecules (Version 2.2.20, March 2021)
Loading Mol2 file: ./pyrene_gaff2.mol2
Reading MOLECULE named PYR
Loading parameters: ./pyrene_gaff2.frcmod
Reading force field modification type file (frcmod)
Reading title:
Remark line goes here
Checking 'PYR'....
Checking parameters for unit 'PYR'.
Checking for bond parameters.
Checking for angle parameters.
Unit is OK.
Checking Unit.
Building topology.
Building atom parameters.
Building bond parameters.
Building angle parameters.
Building proper torsion parameters.
Building improper torsion parameters.
 total 16 improper torsions applied
Building H-Bond parameters.
Incorporating Non-Bonded adjustments.
Not Marking per-residue atom chain types.
Marking per-residue atom chain types.
  (Residues lacking connect0/connect1 - 
   these don't have chain types marked:

	res	total affected

	PYR	1
  )
 (no restraints)
	Quit

Exiting LEaP: Errors = 0; Warnings = 0; Notes = 0.
